2023-03-30 21:27:35.304 [warning] [zobo.php-intellisense]: Cannot register 'php.executablePath'. This property is already registered.
2023-03-30 21:27:35.402 [info] [MehediDracula.php-namespace-resolver]: Menu item references the same command as default and alt-command
2023-03-30 21:27:35.403 [info] [MehediDracula.php-namespace-resolver]: Menu item references the same command as default and alt-command
2023-03-30 21:27:35.403 [info] [MehediDracula.php-namespace-resolver]: Menu item references the same command as default and alt-command
2023-03-30 21:27:35.403 [info] [MehediDracula.php-namespace-resolver]: Menu item references the same command as default and alt-command
2023-03-30 21:27:35.403 [info] [MehediDracula.php-namespace-resolver]: Menu item references the same command as default and alt-command
2023-03-30 21:27:35.403 [info] [MehediDracula.php-namespace-resolver]: Menu item references the same command as default and alt-command
2023-03-30 21:27:35.404 [info] [MehediDracula.php-namespace-resolver]: Menu item references the same command as default and alt-command
2023-03-30 21:27:43.977 [info] [perf] Render performance baseline is 40ms
2023-03-30 21:28:52.719 [error] Panel not active, make sure the pets view is visible before running this command.: Error: Panel not active, make sure the pets view is visible before running this command.
    at PetWebviewViewProvider.getWebview (/Users/katerynahp/.vscode/extensions/tonybaloney.vscode-pets-1.22.0/out/extension/extension.js:682:19)
    at PetWebviewViewProvider._update (/Users/katerynahp/.vscode/extensions/tonybaloney.vscode-pets-1.22.0/out/extension/extension.js:524:30)
    at PetWebviewViewProvider.update (/Users/katerynahp/.vscode/extensions/tonybaloney.vscode-pets-1.22.0/out/extension/extension.js:678:14)
    at /Users/katerynahp/.vscode/extensions/tonybaloney.vscode-pets-1.22.0/out/extension/extension.js:392:23
    at f.invoke (/Users/katerynahp/Desktop/Visual Studio Code.app/Contents/Resources/app/out/vs/workbench/api/node/extensionHostProcess.js:63:145)
    at g.deliver (/Users/katerynahp/Desktop/Visual Studio Code.app/Contents/Resources/app/out/vs/workbench/api/node/extensionHostProcess.js:63:2066)
    at h.fire (/Users/katerynahp/Desktop/Visual Studio Code.app/Contents/Resources/app/out/vs/workbench/api/node/extensionHostProcess.js:63:1704)
    at n.$acceptConfigurationChanged (/Users/katerynahp/Desktop/Visual Studio Code.app/Contents/Resources/app/out/vs/workbench/api/node/extensionHostProcess.js:107:24436)
    at /Users/katerynahp/Desktop/Visual Studio Code.app/Contents/Resources/app/out/vs/workbench/api/node/extensionHostProcess.js:107:23920
2023-03-30 21:30:37.403 [error] Unexpected token (4:7): SyntaxError: Unexpected token (4:7)
    at instantiate (/Users/katerynahp/.vscode/node_modules/@babel/parser/lib/index.js:72:32)
    at toParseError (/Users/katerynahp/.vscode/node_modules/@babel/parser/lib/index.js:358:12)
    at St.raise (/Users/katerynahp/.vscode/node_modules/@babel/parser/lib/index.js:3335:19)
    at St.unexpected (/Users/katerynahp/.vscode/node_modules/@babel/parser/lib/index.js:3373:16)
    at St.parseIdentifierName (/Users/katerynahp/.vscode/node_modules/@babel/parser/lib/index.js:13975:18)
    at St.parseIdentifier (/Users/katerynahp/.vscode/node_modules/@babel/parser/lib/index.js:13955:23)
    at St.parseBindingAtom (/Users/katerynahp/.vscode/node_modules/@babel/parser/lib/index.js:11840:17)
    at St.parseBindingAtom (/Users/katerynahp/.vscode/node_modules/@babel/parser/lib/index.js:6550:22)
    at St.parseVarId (/Users/katerynahp/.vscode/node_modules/@babel/parser/lib/index.js:15288:20)
    at St.parseVarId (/Users/katerynahp/.vscode/node_modules/@babel/parser/lib/index.js:6565:11)
    at St.parseVar (/Users/katerynahp/.vscode/node_modules/@babel/parser/lib/index.js:15263:12)
    at St.parseVarStatement (/Users/katerynahp/.vscode/node_modules/@babel/parser/lib/index.js:15066:10)
    at St.parseStatementContent (/Users/katerynahp/.vscode/node_modules/@babel/parser/lib/index.js:14608:21)
    at St.parseStatement (/Users/katerynahp/.vscode/node_modules/@babel/parser/lib/index.js:14533:17)
    at St.parseStatement (/Users/katerynahp/.vscode/node_modules/@babel/parser/lib/index.js:5823:24)
    at St.parseBlockOrModuleBlockBody (/Users/katerynahp/.vscode/node_modules/@babel/parser/lib/index.js:15176:25)
    at St.parseBlockBody (/Users/katerynahp/.vscode/node_modules/@babel/parser/lib/index.js:15167:10)
    at St.parseProgram (/Users/katerynahp/.vscode/node_modules/@babel/parser/lib/index.js:14451:10)
    at St.parseTopLevel (/Users/katerynahp/.vscode/node_modules/@babel/parser/lib/index.js:14438:25)
    at St.parseTopLevel (/Users/katerynahp/.vscode/node_modules/@babel/parser/lib/index.js:6827:28)
    at St.parse (/Users/katerynahp/.vscode/node_modules/@babel/parser/lib/index.js:16401:10)
    at jsParse (/Users/katerynahp/.vscode/node_modules/@babel/parser/lib/index.js:16453:38)
    at parse (/Users/katerynahp/.vscode/extensions/import-cost/src/babel-parser.js:65:10)
    at getPackagesFromJS (/Users/katerynahp/.vscode/extensions/import-cost/src/babel-parser.js:57:15)
    at getPackages (/Users/katerynahp/.vscode/extensions/import-cost/src/parser.js:37:12)
    at Timeout._onTimeout (/Users/katerynahp/.vscode/extensions/import-cost/src/index.js:21:21)
    at listOnTimeout (node:internal/timers:559:17)
    at processTimers (node:internal/timers:502:7)
2023-03-30 21:30:38.236 [error] [Extension Host] [bugsnag] Unhandled rejection…
SyntaxError: Unexpected token (4:7)
    at instantiate (/Users/katerynahp/.vscode/node_modules/@babel/parser/lib/index.js:72:32)
    at toParseError (/Users/katerynahp/.vscode/node_modules/@babel/parser/lib/index.js:358:12)
    at St.raise (/Users/katerynahp/.vscode/node_modules/@babel/parser/lib/index.js:3335:19)
    at St.unexpected (/Users/katerynahp/.vscode/node_modules/@babel/parser/lib/index.js:3373:16)
    at St.parseIdentifierName (/Users/katerynahp/.vscode/node_modules/@babel/parser/lib/index.js:13975:18)
    at St.parseIdentifier (/Users/katerynahp/.vscode/node_modules/@babel/parser/lib/index.js:13955:23)
    at St.parseBindingAtom (/Users/katerynahp/.vscode/node_modules/@babel/parser/lib/index.js:11840:17)
    at St.parseBindingAtom (/Users/katerynahp/.vscode/node_modules/@babel/parser/lib/index.js:6550:22)
    at St.parseVarId (/Users/katerynahp/.vscode/node_modules/@babel/parser/lib/index.js:15288:20)
    at St.parseVarId (/Users/katerynahp/.vscode/node_modules/@babel/parser/lib/index.js:6565:11)
    at St.parseVar (/Users/katerynahp/.vscode/node_modules/@babel/parser/lib/index.js:15263:12)
    at St.parseVarStatement (/Users/katerynahp/.vscode/node_modules/@babel/parser/lib/index.js:15066:10)
    at St.parseStatementContent (/Users/katerynahp/.vscode/node_modules/@babel/parser/lib/index.js:14608:21)
    at St.parseStatement (/Users/katerynahp/.vscode/node_modules/@babel/parser/lib/index.js:14533:17)
    at St.parseStatement (/Users/katerynahp/.vscode/node_modules/@babel/parser/lib/index.js:5823:24)
    at St.parseBlockOrModuleBlockBody (/Users/katerynahp/.vscode/node_modules/@babel/parser/lib/index.js:15176:25)
    at St.parseBlockBody (/Users/katerynahp/.vscode/node_modules/@babel/parser/lib/index.js:15167:10)
    at St.parseProgram (/Users/katerynahp/.vscode/node_modules/@babel/parser/lib/index.js:14451:10)
    at St.parseTopLevel (/Users/katerynahp/.vscode/node_modules/@babel/parser/lib/index.js:14438:25)
    at St.parseTopLevel (/Users/katerynahp/.vscode/node_modules/@babel/parser/lib/index.js:6827:28)
    at St.parse (/Users/katerynahp/.vscode/node_modules/@babel/parser/lib/index.js:16401:10)
    at jsParse (/Users/katerynahp/.vscode/node_modules/@babel/parser/lib/index.js:16453:38)
    at parse (/Users/katerynahp/.vscode/extensions/import-cost/src/babel-parser.js:65:10)
    at getPackagesFromJS (/Users/katerynahp/.vscode/extensions/import-cost/src/babel-parser.js:57:15)
    at getPackages (/Users/katerynahp/.vscode/extensions/import-cost/src/parser.js:37:12)
    at Timeout._onTimeout (/Users/katerynahp/.vscode/extensions/import-cost/src/index.js:21:21)
    at listOnTimeout (node:internal/timers:559:17)
    at processTimers (node:internal/timers:502:7)
2023-03-30 21:30:38.253 [error] [Extension Host] [bugsnag] Unhandled rejection…
SyntaxError: Unexpected token (4:7)
    at instantiate (/Users/katerynahp/.vscode/node_modules/@babel/parser/lib/index.js:72:32)
    at toParseError (/Users/katerynahp/.vscode/node_modules/@babel/parser/lib/index.js:358:12)
    at St.raise (/Users/katerynahp/.vscode/node_modules/@babel/parser/lib/index.js:3335:19)
    at St.unexpected (/Users/katerynahp/.vscode/node_modules/@babel/parser/lib/index.js:3373:16)
    at St.parseIdentifierName (/Users/katerynahp/.vscode/node_modules/@babel/parser/lib/index.js:13975:18)
    at St.parseIdentifier (/Users/katerynahp/.vscode/node_modules/@babel/parser/lib/index.js:13955:23)
    at St.parseBindingAtom (/Users/katerynahp/.vscode/node_modules/@babel/parser/lib/index.js:11840:17)
    at St.parseBindingAtom (/Users/katerynahp/.vscode/node_modules/@babel/parser/lib/index.js:6550:22)
    at St.parseVarId (/Users/katerynahp/.vscode/node_modules/@babel/parser/lib/index.js:15288:20)
    at St.parseVarId (/Users/katerynahp/.vscode/node_modules/@babel/parser/lib/index.js:6565:11)
    at St.parseVar (/Users/katerynahp/.vscode/node_modules/@babel/parser/lib/index.js:15263:12)
    at St.parseVarStatement (/Users/katerynahp/.vscode/node_modules/@babel/parser/lib/index.js:15066:10)
    at St.parseStatementContent (/Users/katerynahp/.vscode/node_modules/@babel/parser/lib/index.js:14608:21)
    at St.parseStatement (/Users/katerynahp/.vscode/node_modules/@babel/parser/lib/index.js:14533:17)
    at St.parseStatement (/Users/katerynahp/.vscode/node_modules/@babel/parser/lib/index.js:5823:24)
    at St.parseBlockOrModuleBlockBody (/Users/katerynahp/.vscode/node_modules/@babel/parser/lib/index.js:15176:25)
    at St.parseBlockBody (/Users/katerynahp/.vscode/node_modules/@babel/parser/lib/index.js:15167:10)
    at St.parseProgram (/Users/katerynahp/.vscode/node_modules/@babel/parser/lib/index.js:14451:10)
    at St.parseTopLevel (/Users/katerynahp/.vscode/node_modules/@babel/parser/lib/index.js:14438:25)
    at St.parseTopLevel (/Users/katerynahp/.vscode/node_modules/@babel/parser/lib/index.js:6827:28)
    at St.parse (/Users/katerynahp/.vscode/node_modules/@babel/parser/lib/index.js:16401:10)
    at jsParse (/Users/katerynahp/.vscode/node_modules/@babel/parser/lib/index.js:16453:38)
    at parse (/Users/katerynahp/.vscode/extensions/import-cost/src/babel-parser.js:65:10)
    at getPackagesFromJS (/Users/katerynahp/.vscode/extensions/import-cost/src/babel-parser.js:57:15)
    at getPackages (/Users/katerynahp/.vscode/extensions/import-cost/src/parser.js:37:12)
    at Timeout._onTimeout (/Users/katerynahp/.vscode/extensions/import-cost/src/index.js:21:21)
    at listOnTimeout (node:internal/timers:559:17)
    at processTimers (node:internal/timers:502:7)
2023-03-30 21:30:38.284 [error] [Extension Host] [bugsnag] Unhandled rejection…
SyntaxError: Unexpected token (4:7)
    at instantiate (/Users/katerynahp/.vscode/node_modules/@babel/parser/lib/index.js:72:32)
    at toParseError (/Users/katerynahp/.vscode/node_modules/@babel/parser/lib/index.js:358:12)
    at St.raise (/Users/katerynahp/.vscode/node_modules/@babel/parser/lib/index.js:3335:19)
    at St.unexpected (/Users/katerynahp/.vscode/node_modules/@babel/parser/lib/index.js:3373:16)
    at St.parseIdentifierName (/Users/katerynahp/.vscode/node_modules/@babel/parser/lib/index.js:13975:18)
    at St.parseIdentifier (/Users/katerynahp/.vscode/node_modules/@babel/parser/lib/index.js:13955:23)
    at St.parseBindingAtom (/Users/katerynahp/.vscode/node_modules/@babel/parser/lib/index.js:11840:17)
    at St.parseBindingAtom (/Users/katerynahp/.vscode/node_modules/@babel/parser/lib/index.js:6550:22)
    at St.parseVarId (/Users/katerynahp/.vscode/node_modules/@babel/parser/lib/index.js:15288:20)
    at St.parseVarId (/Users/katerynahp/.vscode/node_modules/@babel/parser/lib/index.js:6565:11)
    at St.parseVar (/Users/katerynahp/.vscode/node_modules/@babel/parser/lib/index.js:15263:12)
    at St.parseVarStatement (/Users/katerynahp/.vscode/node_modules/@babel/parser/lib/index.js:15066:10)
    at St.parseStatementContent (/Users/katerynahp/.vscode/node_modules/@babel/parser/lib/index.js:14608:21)
    at St.parseStatement (/Users/katerynahp/.vscode/node_modules/@babel/parser/lib/index.js:14533:17)
    at St.parseStatement (/Users/katerynahp/.vscode/node_modules/@babel/parser/lib/index.js:5823:24)
    at St.parseBlockOrModuleBlockBody (/Users/katerynahp/.vscode/node_modules/@babel/parser/lib/index.js:15176:25)
    at St.parseBlockBody (/Users/katerynahp/.vscode/node_modules/@babel/parser/lib/index.js:15167:10)
    at St.parseProgram (/Users/katerynahp/.vscode/node_modules/@babel/parser/lib/index.js:14451:10)
    at St.parseTopLevel (/Users/katerynahp/.vscode/node_modules/@babel/parser/lib/index.js:14438:25)
    at St.parseTopLevel (/Users/katerynahp/.vscode/node_modules/@babel/parser/lib/index.js:6827:28)
    at St.parse (/Users/katerynahp/.vscode/node_modules/@babel/parser/lib/index.js:16401:10)
    at jsParse (/Users/katerynahp/.vscode/node_modules/@babel/parser/lib/index.js:16453:38)
    at parse (/Users/katerynahp/.vscode/extensions/import-cost/src/babel-parser.js:65:10)
    at getPackagesFromJS (/Users/katerynahp/.vscode/extensions/import-cost/src/babel-parser.js:57:15)
    at getPackages (/Users/katerynahp/.vscode/extensions/import-cost/src/parser.js:37:12)
    at Timeout._onTimeout (/Users/katerynahp/.vscode/extensions/import-cost/src/index.js:21:21)
    at listOnTimeout (node:internal/timers:559:17)
    at processTimers (node:internal/timers:502:7)
2023-03-30 21:30:38.287 [error] [Extension Host] [bugsnag] Unhandled rejection…
SyntaxError: Unexpected token (4:7)
    at instantiate (/Users/katerynahp/.vscode/node_modules/@babel/parser/lib/index.js:72:32)
    at toParseError (/Users/katerynahp/.vscode/node_modules/@babel/parser/lib/index.js:358:12)
    at St.raise (/Users/katerynahp/.vscode/node_modules/@babel/parser/lib/index.js:3335:19)
    at St.unexpected (/Users/katerynahp/.vscode/node_modules/@babel/parser/lib/index.js:3373:16)
    at St.parseIdentifierName (/Users/katerynahp/.vscode/node_modules/@babel/parser/lib/index.js:13975:18)
    at St.parseIdentifier (/Users/katerynahp/.vscode/node_modules/@babel/parser/lib/index.js:13955:23)
    at St.parseBindingAtom (/Users/katerynahp/.vscode/node_modules/@babel/parser/lib/index.js:11840:17)
    at St.parseBindingAtom (/Users/katerynahp/.vscode/node_modules/@babel/parser/lib/index.js:6550:22)
    at St.parseVarId (/Users/katerynahp/.vscode/node_modules/@babel/parser/lib/index.js:15288:20)
    at St.parseVarId (/Users/katerynahp/.vscode/node_modules/@babel/parser/lib/index.js:6565:11)
    at St.parseVar (/Users/katerynahp/.vscode/node_modules/@babel/parser/lib/index.js:15263:12)
    at St.parseVarStatement (/Users/katerynahp/.vscode/node_modules/@babel/parser/lib/index.js:15066:10)
    at St.parseStatementContent (/Users/katerynahp/.vscode/node_modules/@babel/parser/lib/index.js:14608:21)
    at St.parseStatement (/Users/katerynahp/.vscode/node_modules/@babel/parser/lib/index.js:14533:17)
    at St.parseStatement (/Users/katerynahp/.vscode/node_modules/@babel/parser/lib/index.js:5823:24)
    at St.parseBlockOrModuleBlockBody (/Users/katerynahp/.vscode/node_modules/@babel/parser/lib/index.js:15176:25)
    at St.parseBlockBody (/Users/katerynahp/.vscode/node_modules/@babel/parser/lib/index.js:15167:10)
    at St.parseProgram (/Users/katerynahp/.vscode/node_modules/@babel/parser/lib/index.js:14451:10)
    at St.parseTopLevel (/Users/katerynahp/.vscode/node_modules/@babel/parser/lib/index.js:14438:25)
    at St.parseTopLevel (/Users/katerynahp/.vscode/node_modules/@babel/parser/lib/index.js:6827:28)
    at St.parse (/Users/katerynahp/.vscode/node_modules/@babel/parser/lib/index.js:16401:10)
    at jsParse (/Users/katerynahp/.vscode/node_modules/@babel/parser/lib/index.js:16453:38)
    at parse (/Users/katerynahp/.vscode/extensions/import-cost/src/babel-parser.js:65:10)
    at getPackagesFromJS (/Users/katerynahp/.vscode/extensions/import-cost/src/babel-parser.js:57:15)
    at getPackages (/Users/katerynahp/.vscode/extensions/import-cost/src/parser.js:37:12)
    at Timeout._onTimeout (/Users/katerynahp/.vscode/extensions/import-cost/src/index.js:21:21)
    at listOnTimeout (node:internal/timers:559:17)
    at processTimers (node:internal/timers:502:7)
2023-03-30 21:30:38.289 [error] [Extension Host] [bugsnag] Unhandled rejection…
SyntaxError: Unexpected token (4:7)
    at instantiate (/Users/katerynahp/.vscode/node_modules/@babel/parser/lib/index.js:72:32)
    at toParseError (/Users/katerynahp/.vscode/node_modules/@babel/parser/lib/index.js:358:12)
    at St.raise (/Users/katerynahp/.vscode/node_modules/@babel/parser/lib/index.js:3335:19)
    at St.unexpected (/Users/katerynahp/.vscode/node_modules/@babel/parser/lib/index.js:3373:16)
    at St.parseIdentifierName (/Users/katerynahp/.vscode/node_modules/@babel/parser/lib/index.js:13975:18)
    at St.parseIdentifier (/Users/katerynahp/.vscode/node_modules/@babel/parser/lib/index.js:13955:23)
    at St.parseBindingAtom (/Users/katerynahp/.vscode/node_modules/@babel/parser/lib/index.js:11840:17)
    at St.parseBindingAtom (/Users/katerynahp/.vscode/node_modules/@babel/parser/lib/index.js:6550:22)
    at St.parseVarId (/Users/katerynahp/.vscode/node_modules/@babel/parser/lib/index.js:15288:20)
    at St.parseVarId (/Users/katerynahp/.vscode/node_modules/@babel/parser/lib/index.js:6565:11)
    at St.parseVar (/Users/katerynahp/.vscode/node_modules/@babel/parser/lib/index.js:15263:12)
    at St.parseVarStatement (/Users/katerynahp/.vscode/node_modules/@babel/parser/lib/index.js:15066:10)
    at St.parseStatementContent (/Users/katerynahp/.vscode/node_modules/@babel/parser/lib/index.js:14608:21)
    at St.parseStatement (/Users/katerynahp/.vscode/node_modules/@babel/parser/lib/index.js:14533:17)
    at St.parseStatement (/Users/katerynahp/.vscode/node_modules/@babel/parser/lib/index.js:5823:24)
    at St.parseBlockOrModuleBlockBody (/Users/katerynahp/.vscode/node_modules/@babel/parser/lib/index.js:15176:25)
    at St.parseBlockBody (/Users/katerynahp/.vscode/node_modules/@babel/parser/lib/index.js:15167:10)
    at St.parseProgram (/Users/katerynahp/.vscode/node_modules/@babel/parser/lib/index.js:14451:10)
    at St.parseTopLevel (/Users/katerynahp/.vscode/node_modules/@babel/parser/lib/index.js:14438:25)
    at St.parseTopLevel (/Users/katerynahp/.vscode/node_modules/@babel/parser/lib/index.js:6827:28)
    at St.parse (/Users/katerynahp/.vscode/node_modules/@babel/parser/lib/index.js:16401:10)
    at jsParse (/Users/katerynahp/.vscode/node_modules/@babel/parser/lib/index.js:16453:38)
    at parse (/Users/katerynahp/.vscode/extensions/import-cost/src/babel-parser.js:65:10)
    at getPackagesFromJS (/Users/katerynahp/.vscode/extensions/import-cost/src/babel-parser.js:57:15)
    at getPackages (/Users/katerynahp/.vscode/extensions/import-cost/src/parser.js:37:12)
    at Timeout._onTimeout (/Users/katerynahp/.vscode/extensions/import-cost/src/index.js:21:21)
    at listOnTimeout (node:internal/timers:559:17)
    at processTimers (node:internal/timers:502:7)
2023-03-30 21:30:38.322 [error] [Extension Host] [bugsnag] Unhandled rejection…
SyntaxError: Unexpected token (4:7)
    at instantiate (/Users/katerynahp/.vscode/node_modules/@babel/parser/lib/index.js:72:32)
    at toParseError (/Users/katerynahp/.vscode/node_modules/@babel/parser/lib/index.js:358:12)
    at St.raise (/Users/katerynahp/.vscode/node_modules/@babel/parser/lib/index.js:3335:19)
    at St.unexpected (/Users/katerynahp/.vscode/node_modules/@babel/parser/lib/index.js:3373:16)
    at St.parseIdentifierName (/Users/katerynahp/.vscode/node_modules/@babel/parser/lib/index.js:13975:18)
    at St.parseIdentifier (/Users/katerynahp/.vscode/node_modules/@babel/parser/lib/index.js:13955:23)
    at St.parseBindingAtom (/Users/katerynahp/.vscode/node_modules/@babel/parser/lib/index.js:11840:17)
    at St.parseBindingAtom (/Users/katerynahp/.vscode/node_modules/@babel/parser/lib/index.js:6550:22)
    at St.parseVarId (/Users/katerynahp/.vscode/node_modules/@babel/parser/lib/index.js:15288:20)
    at St.parseVarId (/Users/katerynahp/.vscode/node_modules/@babel/parser/lib/index.js:6565:11)
    at St.parseVar (/Users/katerynahp/.vscode/node_modules/@babel/parser/lib/index.js:15263:12)
    at St.parseVarStatement (/Users/katerynahp/.vscode/node_modules/@babel/parser/lib/index.js:15066:10)
    at St.parseStatementContent (/Users/katerynahp/.vscode/node_modules/@babel/parser/lib/index.js:14608:21)
    at St.parseStatement (/Users/katerynahp/.vscode/node_modules/@babel/parser/lib/index.js:14533:17)
    at St.parseStatement (/Users/katerynahp/.vscode/node_modules/@babel/parser/lib/index.js:5823:24)
    at St.parseBlockOrModuleBlockBody (/Users/katerynahp/.vscode/node_modules/@babel/parser/lib/index.js:15176:25)
    at St.parseBlockBody (/Users/katerynahp/.vscode/node_modules/@babel/parser/lib/index.js:15167:10)
    at St.parseProgram (/Users/katerynahp/.vscode/node_modules/@babel/parser/lib/index.js:14451:10)
    at St.parseTopLevel (/Users/katerynahp/.vscode/node_modules/@babel/parser/lib/index.js:14438:25)
    at St.parseTopLevel (/Users/katerynahp/.vscode/node_modules/@babel/parser/lib/index.js:6827:28)
    at St.parse (/Users/katerynahp/.vscode/node_modules/@babel/parser/lib/index.js:16401:10)
    at jsParse (/Users/katerynahp/.vscode/node_modules/@babel/parser/lib/index.js:16453:38)
    at parse (/Users/katerynahp/.vscode/extensions/import-cost/src/babel-parser.js:65:10)
    at getPackagesFromJS (/Users/katerynahp/.vscode/extensions/import-cost/src/babel-parser.js:57:15)
    at getPackages (/Users/katerynahp/.vscode/extensions/import-cost/src/parser.js:37:12)
    at Timeout._onTimeout (/Users/katerynahp/.vscode/extensions/import-cost/src/index.js:21:21)
    at listOnTimeout (node:internal/timers:559:17)
    at processTimers (node:internal/timers:502:7)
2023-03-30 21:30:38.367 [error] [Extension Host] [bugsnag] Unhandled rejection…
SyntaxError: Unexpected token (4:7)
    at instantiate (/Users/katerynahp/.vscode/node_modules/@babel/parser/lib/index.js:72:32)
    at toParseError (/Users/katerynahp/.vscode/node_modules/@babel/parser/lib/index.js:358:12)
    at St.raise (/Users/katerynahp/.vscode/node_modules/@babel/parser/lib/index.js:3335:19)
    at St.unexpected (/Users/katerynahp/.vscode/node_modules/@babel/parser/lib/index.js:3373:16)
    at St.parseIdentifierName (/Users/katerynahp/.vscode/node_modules/@babel/parser/lib/index.js:13975:18)
    at St.parseIdentifier (/Users/katerynahp/.vscode/node_modules/@babel/parser/lib/index.js:13955:23)
    at St.parseBindingAtom (/Users/katerynahp/.vscode/node_modules/@babel/parser/lib/index.js:11840:17)
    at St.parseBindingAtom (/Users/katerynahp/.vscode/node_modules/@babel/parser/lib/index.js:6550:22)
    at St.parseVarId (/Users/katerynahp/.vscode/node_modules/@babel/parser/lib/index.js:15288:20)
    at St.parseVarId (/Users/katerynahp/.vscode/node_modules/@babel/parser/lib/index.js:6565:11)
    at St.parseVar (/Users/katerynahp/.vscode/node_modules/@babel/parser/lib/index.js:15263:12)
    at St.parseVarStatement (/Users/katerynahp/.vscode/node_modules/@babel/parser/lib/index.js:15066:10)
    at St.parseStatementContent (/Users/katerynahp/.vscode/node_modules/@babel/parser/lib/index.js:14608:21)
    at St.parseStatement (/Users/katerynahp/.vscode/node_modules/@babel/parser/lib/index.js:14533:17)
    at St.parseStatement (/Users/katerynahp/.vscode/node_modules/@babel/parser/lib/index.js:5823:24)
    at St.parseBlockOrModuleBlockBody (/Users/katerynahp/.vscode/node_modules/@babel/parser/lib/index.js:15176:25)
    at St.parseBlockBody (/Users/katerynahp/.vscode/node_modules/@babel/parser/lib/index.js:15167:10)
    at St.parseProgram (/Users/katerynahp/.vscode/node_modules/@babel/parser/lib/index.js:14451:10)
    at St.parseTopLevel (/Users/katerynahp/.vscode/node_modules/@babel/parser/lib/index.js:14438:25)
    at St.parseTopLevel (/Users/katerynahp/.vscode/node_modules/@babel/parser/lib/index.js:6827:28)
    at St.parse (/Users/katerynahp/.vscode/node_modules/@babel/parser/lib/index.js:16401:10)
    at jsParse (/Users/katerynahp/.vscode/node_modules/@babel/parser/lib/index.js:16453:38)
    at parse (/Users/katerynahp/.vscode/extensions/import-cost/src/babel-parser.js:65:10)
    at getPackagesFromJS (/Users/katerynahp/.vscode/extensions/import-cost/src/babel-parser.js:57:15)
    at getPackages (/Users/katerynahp/.vscode/extensions/import-cost/src/parser.js:37:12)
    at Timeout._onTimeout (/Users/katerynahp/.vscode/extensions/import-cost/src/index.js:21:21)
    at listOnTimeout (node:internal/timers:559:17)
    at processTimers (node:internal/timers:502:7)
2023-03-30 21:30:38.412 [error] Unexpected token (4:7): SyntaxError: Unexpected token (4:7)
    at instantiate (/Users/katerynahp/.vscode/node_modules/@babel/parser/lib/index.js:72:32)
    at toParseError (/Users/katerynahp/.vscode/node_modules/@babel/parser/lib/index.js:358:12)
    at St.raise (/Users/katerynahp/.vscode/node_modules/@babel/parser/lib/index.js:3335:19)
    at St.unexpected (/Users/katerynahp/.vscode/node_modules/@babel/parser/lib/index.js:3373:16)
    at St.parseIdentifierName (/Users/katerynahp/.vscode/node_modules/@babel/parser/lib/index.js:13975:18)
    at St.parseIdentifier (/Users/katerynahp/.vscode/node_modules/@babel/parser/lib/index.js:13955:23)
    at St.parseBindingAtom (/Users/katerynahp/.vscode/node_modules/@babel/parser/lib/index.js:11840:17)
    at St.parseBindingAtom (/Users/katerynahp/.vscode/node_modules/@babel/parser/lib/index.js:6550:22)
    at St.parseVarId (/Users/katerynahp/.vscode/node_modules/@babel/parser/lib/index.js:15288:20)
    at St.parseVarId (/Users/katerynahp/.vscode/node_modules/@babel/parser/lib/index.js:6565:11)
    at St.parseVar (/Users/katerynahp/.vscode/node_modules/@babel/parser/lib/index.js:15263:12)
    at St.parseVarStatement (/Users/katerynahp/.vscode/node_modules/@babel/parser/lib/index.js:15066:10)
    at St.parseStatementContent (/Users/katerynahp/.vscode/node_modules/@babel/parser/lib/index.js:14608:21)
    at St.parseStatement (/Users/katerynahp/.vscode/node_modules/@babel/parser/lib/index.js:14533:17)
    at St.parseStatement (/Users/katerynahp/.vscode/node_modules/@babel/parser/lib/index.js:5823:24)
    at St.parseBlockOrModuleBlockBody (/Users/katerynahp/.vscode/node_modules/@babel/parser/lib/index.js:15176:25)
    at St.parseBlockBody (/Users/katerynahp/.vscode/node_modules/@babel/parser/lib/index.js:15167:10)
    at St.parseProgram (/Users/katerynahp/.vscode/node_modules/@babel/parser/lib/index.js:14451:10)
    at St.parseTopLevel (/Users/katerynahp/.vscode/node_modules/@babel/parser/lib/index.js:14438:25)
    at St.parseTopLevel (/Users/katerynahp/.vscode/node_modules/@babel/parser/lib/index.js:6827:28)
    at St.parse (/Users/katerynahp/.vscode/node_modules/@babel/parser/lib/index.js:16401:10)
    at jsParse (/Users/katerynahp/.vscode/node_modules/@babel/parser/lib/index.js:16453:38)
    at parse (/Users/katerynahp/.vscode/extensions/import-cost/src/babel-parser.js:65:10)
    at getPackagesFromJS (/Users/katerynahp/.vscode/extensions/import-cost/src/babel-parser.js:57:15)
    at getPackages (/Users/katerynahp/.vscode/extensions/import-cost/src/parser.js:37:12)
    at Timeout._onTimeout (/Users/katerynahp/.vscode/extensions/import-cost/src/index.js:21:21)
    at listOnTimeout (node:internal/timers:559:17)
    at processTimers (node:internal/timers:502:7)
2023-03-30 21:30:39.139 [error] [Extension Host] [bugsnag] Unhandled rejection…
SyntaxError: Unexpected token (4:7)
    at instantiate (/Users/katerynahp/.vscode/node_modules/@babel/parser/lib/index.js:72:32)
    at toParseError (/Users/katerynahp/.vscode/node_modules/@babel/parser/lib/index.js:358:12)
    at St.raise (/Users/katerynahp/.vscode/node_modules/@babel/parser/lib/index.js:3335:19)
    at St.unexpected (/Users/katerynahp/.vscode/node_modules/@babel/parser/lib/index.js:3373:16)
    at St.parseIdentifierName (/Users/katerynahp/.vscode/node_modules/@babel/parser/lib/index.js:13975:18)
    at St.parseIdentifier (/Users/katerynahp/.vscode/node_modules/@babel/parser/lib/index.js:13955:23)
    at St.parseBindingAtom (/Users/katerynahp/.vscode/node_modules/@babel/parser/lib/index.js:11840:17)
    at St.parseBindingAtom (/Users/katerynahp/.vscode/node_modules/@babel/parser/lib/index.js:6550:22)
    at St.parseVarId (/Users/katerynahp/.vscode/node_modules/@babel/parser/lib/index.js:15288:20)
    at St.parseVarId (/Users/katerynahp/.vscode/node_modules/@babel/parser/lib/index.js:6565:11)
    at St.parseVar (/Users/katerynahp/.vscode/node_modules/@babel/parser/lib/index.js:15263:12)
    at St.parseVarStatement (/Users/katerynahp/.vscode/node_modules/@babel/parser/lib/index.js:15066:10)
    at St.parseStatementContent (/Users/katerynahp/.vscode/node_modules/@babel/parser/lib/index.js:14608:21)
    at St.parseStatement (/Users/katerynahp/.vscode/node_modules/@babel/parser/lib/index.js:14533:17)
    at St.parseStatement (/Users/katerynahp/.vscode/node_modules/@babel/parser/lib/index.js:5823:24)
    at St.parseBlockOrModuleBlockBody (/Users/katerynahp/.vscode/node_modules/@babel/parser/lib/index.js:15176:25)
    at St.parseBlockBody (/Users/katerynahp/.vscode/node_modules/@babel/parser/lib/index.js:15167:10)
    at St.parseProgram (/Users/katerynahp/.vscode/node_modules/@babel/parser/lib/index.js:14451:10)
    at St.parseTopLevel (/Users/katerynahp/.vscode/node_modules/@babel/parser/lib/index.js:14438:25)
    at St.parseTopLevel (/Users/katerynahp/.vscode/node_modules/@babel/parser/lib/index.js:6827:28)
    at St.parse (/Users/katerynahp/.vscode/node_modules/@babel/parser/lib/index.js:16401:10)
    at jsParse (/Users/katerynahp/.vscode/node_modules/@babel/parser/lib/index.js:16453:38)
    at parse (/Users/katerynahp/.vscode/extensions/import-cost/src/babel-parser.js:65:10)
    at getPackagesFromJS (/Users/katerynahp/.vscode/extensions/import-cost/src/babel-parser.js:57:15)
    at getPackages (/Users/katerynahp/.vscode/extensions/import-cost/src/parser.js:37:12)
    at Timeout._onTimeout (/Users/katerynahp/.vscode/extensions/import-cost/src/index.js:21:21)
    at listOnTimeout (node:internal/timers:559:17)
    at processTimers (node:internal/timers:502:7)
2023-03-30 21:30:39.578 [error] Unexpected token (4:7): SyntaxError: Unexpected token (4:7)
    at instantiate (/Users/katerynahp/.vscode/node_modules/@babel/parser/lib/index.js:72:32)
    at toParseError (/Users/katerynahp/.vscode/node_modules/@babel/parser/lib/index.js:358:12)
    at St.raise (/Users/katerynahp/.vscode/node_modules/@babel/parser/lib/index.js:3335:19)
    at St.unexpected (/Users/katerynahp/.vscode/node_modules/@babel/parser/lib/index.js:3373:16)
    at St.parseIdentifierName (/Users/katerynahp/.vscode/node_modules/@babel/parser/lib/index.js:13975:18)
    at St.parseIdentifier (/Users/katerynahp/.vscode/node_modules/@babel/parser/lib/index.js:13955:23)
    at St.parseBindingAtom (/Users/katerynahp/.vscode/node_modules/@babel/parser/lib/index.js:11840:17)
    at St.parseBindingAtom (/Users/katerynahp/.vscode/node_modules/@babel/parser/lib/index.js:6550:22)
    at St.parseVarId (/Users/katerynahp/.vscode/node_modules/@babel/parser/lib/index.js:15288:20)
    at St.parseVarId (/Users/katerynahp/.vscode/node_modules/@babel/parser/lib/index.js:6565:11)
    at St.parseVar (/Users/katerynahp/.vscode/node_modules/@babel/parser/lib/index.js:15263:12)
    at St.parseVarStatement (/Users/katerynahp/.vscode/node_modules/@babel/parser/lib/index.js:15066:10)
    at St.parseStatementContent (/Users/katerynahp/.vscode/node_modules/@babel/parser/lib/index.js:14608:21)
    at St.parseStatement (/Users/katerynahp/.vscode/node_modules/@babel/parser/lib/index.js:14533:17)
    at St.parseStatement (/Users/katerynahp/.vscode/node_modules/@babel/parser/lib/index.js:5823:24)
    at St.parseBlockOrModuleBlockBody (/Users/katerynahp/.vscode/node_modules/@babel/parser/lib/index.js:15176:25)
    at St.parseBlockBody (/Users/katerynahp/.vscode/node_modules/@babel/parser/lib/index.js:15167:10)
    at St.parseProgram (/Users/katerynahp/.vscode/node_modules/@babel/parser/lib/index.js:14451:10)
    at St.parseTopLevel (/Users/katerynahp/.vscode/node_modules/@babel/parser/lib/index.js:14438:25)
    at St.parseTopLevel (/Users/katerynahp/.vscode/node_modules/@babel/parser/lib/index.js:6827:28)
    at St.parse (/Users/katerynahp/.vscode/node_modules/@babel/parser/lib/index.js:16401:10)
    at jsParse (/Users/katerynahp/.vscode/node_modules/@babel/parser/lib/index.js:16453:38)
    at parse (/Users/katerynahp/.vscode/extensions/import-cost/src/babel-parser.js:65:10)
    at getPackagesFromJS (/Users/katerynahp/.vscode/extensions/import-cost/src/babel-parser.js:57:15)
    at getPackages (/Users/katerynahp/.vscode/extensions/import-cost/src/parser.js:37:12)
    at Timeout._onTimeout (/Users/katerynahp/.vscode/extensions/import-cost/src/index.js:21:21)
    at listOnTimeout (node:internal/timers:559:17)
    at processTimers (node:internal/timers:502:7)
2023-03-30 21:30:47.534 [error] [Extension Host] [bugsnag] Unhandled rejection…
SyntaxError: Unexpected token (4:7)
    at instantiate (/Users/katerynahp/.vscode/node_modules/@babel/parser/lib/index.js:72:32)
    at toParseError (/Users/katerynahp/.vscode/node_modules/@babel/parser/lib/index.js:358:12)
    at St.raise (/Users/katerynahp/.vscode/node_modules/@babel/parser/lib/index.js:3335:19)
    at St.unexpected (/Users/katerynahp/.vscode/node_modules/@babel/parser/lib/index.js:3373:16)
    at St.parseIdentifierName (/Users/katerynahp/.vscode/node_modules/@babel/parser/lib/index.js:13975:18)
    at St.parseIdentifier (/Users/katerynahp/.vscode/node_modules/@babel/parser/lib/index.js:13955:23)
    at St.parseBindingAtom (/Users/katerynahp/.vscode/node_modules/@babel/parser/lib/index.js:11840:17)
    at St.parseBindingAtom (/Users/katerynahp/.vscode/node_modules/@babel/parser/lib/index.js:6550:22)
    at St.parseVarId (/Users/katerynahp/.vscode/node_modules/@babel/parser/lib/index.js:15288:20)
    at St.parseVarId (/Users/katerynahp/.vscode/node_modules/@babel/parser/lib/index.js:6565:11)
    at St.parseVar (/Users/katerynahp/.vscode/node_modules/@babel/parser/lib/index.js:15263:12)
    at St.parseVarStatement (/Users/katerynahp/.vscode/node_modules/@babel/parser/lib/index.js:15066:10)
    at St.parseStatementContent (/Users/katerynahp/.vscode/node_modules/@babel/parser/lib/index.js:14608:21)
    at St.parseStatement (/Users/katerynahp/.vscode/node_modules/@babel/parser/lib/index.js:14533:17)
    at St.parseStatement (/Users/katerynahp/.vscode/node_modules/@babel/parser/lib/index.js:5823:24)
    at St.parseBlockOrModuleBlockBody (/Users/katerynahp/.vscode/node_modules/@babel/parser/lib/index.js:15176:25)
    at St.parseBlockBody (/Users/katerynahp/.vscode/node_modules/@babel/parser/lib/index.js:15167:10)
    at St.parseProgram (/Users/katerynahp/.vscode/node_modules/@babel/parser/lib/index.js:14451:10)
    at St.parseTopLevel (/Users/katerynahp/.vscode/node_modules/@babel/parser/lib/index.js:14438:25)
    at St.parseTopLevel (/Users/katerynahp/.vscode/node_modules/@babel/parser/lib/index.js:6827:28)
    at St.parse (/Users/katerynahp/.vscode/node_modules/@babel/parser/lib/index.js:16401:10)
    at jsParse (/Users/katerynahp/.vscode/node_modules/@babel/parser/lib/index.js:16453:38)
    at parse (/Users/katerynahp/.vscode/extensions/import-cost/src/babel-parser.js:65:10)
    at getPackagesFromJS (/Users/katerynahp/.vscode/extensions/import-cost/src/babel-parser.js:57:15)
    at getPackages (/Users/katerynahp/.vscode/extensions/import-cost/src/parser.js:37:12)
    at Timeout._onTimeout (/Users/katerynahp/.vscode/extensions/import-cost/src/index.js:21:21)
    at listOnTimeout (node:internal/timers:559:17)
    at processTimers (node:internal/timers:502:7)
2023-03-30 21:30:48.010 [error] Unexpected token (4:7): SyntaxError: Unexpected token (4:7)
    at instantiate (/Users/katerynahp/.vscode/node_modules/@babel/parser/lib/index.js:72:32)
    at toParseError (/Users/katerynahp/.vscode/node_modules/@babel/parser/lib/index.js:358:12)
    at St.raise (/Users/katerynahp/.vscode/node_modules/@babel/parser/lib/index.js:3335:19)
    at St.unexpected (/Users/katerynahp/.vscode/node_modules/@babel/parser/lib/index.js:3373:16)
    at St.parseIdentifierName (/Users/katerynahp/.vscode/node_modules/@babel/parser/lib/index.js:13975:18)
    at St.parseIdentifier (/Users/katerynahp/.vscode/node_modules/@babel/parser/lib/index.js:13955:23)
    at St.parseBindingAtom (/Users/katerynahp/.vscode/node_modules/@babel/parser/lib/index.js:11840:17)
    at St.parseBindingAtom (/Users/katerynahp/.vscode/node_modules/@babel/parser/lib/index.js:6550:22)
    at St.parseVarId (/Users/katerynahp/.vscode/node_modules/@babel/parser/lib/index.js:15288:20)
    at St.parseVarId (/Users/katerynahp/.vscode/node_modules/@babel/parser/lib/index.js:6565:11)
    at St.parseVar (/Users/katerynahp/.vscode/node_modules/@babel/parser/lib/index.js:15263:12)
    at St.parseVarStatement (/Users/katerynahp/.vscode/node_modules/@babel/parser/lib/index.js:15066:10)
    at St.parseStatementContent (/Users/katerynahp/.vscode/node_modules/@babel/parser/lib/index.js:14608:21)
    at St.parseStatement (/Users/katerynahp/.vscode/node_modules/@babel/parser/lib/index.js:14533:17)
    at St.parseStatement (/Users/katerynahp/.vscode/node_modules/@babel/parser/lib/index.js:5823:24)
    at St.parseBlockOrModuleBlockBody (/Users/katerynahp/.vscode/node_modules/@babel/parser/lib/index.js:15176:25)
    at St.parseBlockBody (/Users/katerynahp/.vscode/node_modules/@babel/parser/lib/index.js:15167:10)
    at St.parseProgram (/Users/katerynahp/.vscode/node_modules/@babel/parser/lib/index.js:14451:10)
    at St.parseTopLevel (/Users/katerynahp/.vscode/node_modules/@babel/parser/lib/index.js:14438:25)
    at St.parseTopLevel (/Users/katerynahp/.vscode/node_modules/@babel/parser/lib/index.js:6827:28)
    at St.parse (/Users/katerynahp/.vscode/node_modules/@babel/parser/lib/index.js:16401:10)
    at jsParse (/Users/katerynahp/.vscode/node_modules/@babel/parser/lib/index.js:16453:38)
    at parse (/Users/katerynahp/.vscode/extensions/import-cost/src/babel-parser.js:65:10)
    at getPackagesFromJS (/Users/katerynahp/.vscode/extensions/import-cost/src/babel-parser.js:57:15)
    at getPackages (/Users/katerynahp/.vscode/extensions/import-cost/src/parser.js:37:12)
    at Timeout._onTimeout (/Users/katerynahp/.vscode/extensions/import-cost/src/index.js:21:21)
    at listOnTimeout (node:internal/timers:559:17)
    at processTimers (node:internal/timers:502:7)
2023-03-30 21:30:50.710 [error] [Extension Host] [bugsnag] Unhandled rejection…
SyntaxError: Unexpected token (4:7)
    at instantiate (/Users/katerynahp/.vscode/node_modules/@babel/parser/lib/index.js:72:32)
    at toParseError (/Users/katerynahp/.vscode/node_modules/@babel/parser/lib/index.js:358:12)
    at St.raise (/Users/katerynahp/.vscode/node_modules/@babel/parser/lib/index.js:3335:19)
    at St.unexpected (/Users/katerynahp/.vscode/node_modules/@babel/parser/lib/index.js:3373:16)
    at St.parseIdentifierName (/Users/katerynahp/.vscode/node_modules/@babel/parser/lib/index.js:13975:18)
    at St.parseIdentifier (/Users/katerynahp/.vscode/node_modules/@babel/parser/lib/index.js:13955:23)
    at St.parseBindingAtom (/Users/katerynahp/.vscode/node_modules/@babel/parser/lib/index.js:11840:17)
    at St.parseBindingAtom (/Users/katerynahp/.vscode/node_modules/@babel/parser/lib/index.js:6550:22)
    at St.parseVarId (/Users/katerynahp/.vscode/node_modules/@babel/parser/lib/index.js:15288:20)
    at St.parseVarId (/Users/katerynahp/.vscode/node_modules/@babel/parser/lib/index.js:6565:11)
    at St.parseVar (/Users/katerynahp/.vscode/node_modules/@babel/parser/lib/index.js:15263:12)
    at St.parseVarStatement (/Users/katerynahp/.vscode/node_modules/@babel/parser/lib/index.js:15066:10)
    at St.parseStatementContent (/Users/katerynahp/.vscode/node_modules/@babel/parser/lib/index.js:14608:21)
    at St.parseStatement (/Users/katerynahp/.vscode/node_modules/@babel/parser/lib/index.js:14533:17)
    at St.parseStatement (/Users/katerynahp/.vscode/node_modules/@babel/parser/lib/index.js:5823:24)
    at St.parseBlockOrModuleBlockBody (/Users/katerynahp/.vscode/node_modules/@babel/parser/lib/index.js:15176:25)
    at St.parseBlockBody (/Users/katerynahp/.vscode/node_modules/@babel/parser/lib/index.js:15167:10)
    at St.parseProgram (/Users/katerynahp/.vscode/node_modules/@babel/parser/lib/index.js:14451:10)
    at St.parseTopLevel (/Users/katerynahp/.vscode/node_modules/@babel/parser/lib/index.js:14438:25)
    at St.parseTopLevel (/Users/katerynahp/.vscode/node_modules/@babel/parser/lib/index.js:6827:28)
    at St.parse (/Users/katerynahp/.vscode/node_modules/@babel/parser/lib/index.js:16401:10)
    at jsParse (/Users/katerynahp/.vscode/node_modules/@babel/parser/lib/index.js:16453:38)
    at parse (/Users/katerynahp/.vscode/extensions/import-cost/src/babel-parser.js:65:10)
    at getPackagesFromJS (/Users/katerynahp/.vscode/extensions/import-cost/src/babel-parser.js:57:15)
    at getPackages (/Users/katerynahp/.vscode/extensions/import-cost/src/parser.js:37:12)
    at Timeout._onTimeout (/Users/katerynahp/.vscode/extensions/import-cost/src/index.js:21:21)
    at listOnTimeout (node:internal/timers:559:17)
    at processTimers (node:internal/timers:502:7)
2023-03-30 21:30:51.128 [error] Unexpected token (4:7): SyntaxError: Unexpected token (4:7)
    at instantiate (/Users/katerynahp/.vscode/node_modules/@babel/parser/lib/index.js:72:32)
    at toParseError (/Users/katerynahp/.vscode/node_modules/@babel/parser/lib/index.js:358:12)
    at St.raise (/Users/katerynahp/.vscode/node_modules/@babel/parser/lib/index.js:3335:19)
    at St.unexpected (/Users/katerynahp/.vscode/node_modules/@babel/parser/lib/index.js:3373:16)
    at St.parseIdentifierName (/Users/katerynahp/.vscode/node_modules/@babel/parser/lib/index.js:13975:18)
    at St.parseIdentifier (/Users/katerynahp/.vscode/node_modules/@babel/parser/lib/index.js:13955:23)
    at St.parseBindingAtom (/Users/katerynahp/.vscode/node_modules/@babel/parser/lib/index.js:11840:17)
    at St.parseBindingAtom (/Users/katerynahp/.vscode/node_modules/@babel/parser/lib/index.js:6550:22)
    at St.parseVarId (/Users/katerynahp/.vscode/node_modules/@babel/parser/lib/index.js:15288:20)
    at St.parseVarId (/Users/katerynahp/.vscode/node_modules/@babel/parser/lib/index.js:6565:11)
    at St.parseVar (/Users/katerynahp/.vscode/node_modules/@babel/parser/lib/index.js:15263:12)
    at St.parseVarStatement (/Users/katerynahp/.vscode/node_modules/@babel/parser/lib/index.js:15066:10)
    at St.parseStatementContent (/Users/katerynahp/.vscode/node_modules/@babel/parser/lib/index.js:14608:21)
    at St.parseStatement (/Users/katerynahp/.vscode/node_modules/@babel/parser/lib/index.js:14533:17)
    at St.parseStatement (/Users/katerynahp/.vscode/node_modules/@babel/parser/lib/index.js:5823:24)
    at St.parseBlockOrModuleBlockBody (/Users/katerynahp/.vscode/node_modules/@babel/parser/lib/index.js:15176:25)
    at St.parseBlockBody (/Users/katerynahp/.vscode/node_modules/@babel/parser/lib/index.js:15167:10)
    at St.parseProgram (/Users/katerynahp/.vscode/node_modules/@babel/parser/lib/index.js:14451:10)
    at St.parseTopLevel (/Users/katerynahp/.vscode/node_modules/@babel/parser/lib/index.js:14438:25)
    at St.parseTopLevel (/Users/katerynahp/.vscode/node_modules/@babel/parser/lib/index.js:6827:28)
    at St.parse (/Users/katerynahp/.vscode/node_modules/@babel/parser/lib/index.js:16401:10)
    at jsParse (/Users/katerynahp/.vscode/node_modules/@babel/parser/lib/index.js:16453:38)
    at parse (/Users/katerynahp/.vscode/extensions/import-cost/src/babel-parser.js:65:10)
    at getPackagesFromJS (/Users/katerynahp/.vscode/extensions/import-cost/src/babel-parser.js:57:15)
    at getPackages (/Users/katerynahp/.vscode/extensions/import-cost/src/parser.js:37:12)
    at Timeout._onTimeout (/Users/katerynahp/.vscode/extensions/import-cost/src/index.js:21:21)
    at listOnTimeout (node:internal/timers:559:17)
    at processTimers (node:internal/timers:502:7)
2023-03-30 21:30:58.490 [error] [Extension Host] [bugsnag] Unhandled rejection…
SyntaxError: Unexpected token (4:7)
    at instantiate (/Users/katerynahp/.vscode/node_modules/@babel/parser/lib/index.js:72:32)
    at toParseError (/Users/katerynahp/.vscode/node_modules/@babel/parser/lib/index.js:358:12)
    at St.raise (/Users/katerynahp/.vscode/node_modules/@babel/parser/lib/index.js:3335:19)
    at St.unexpected (/Users/katerynahp/.vscode/node_modules/@babel/parser/lib/index.js:3373:16)
    at St.parseIdentifierName (/Users/katerynahp/.vscode/node_modules/@babel/parser/lib/index.js:13975:18)
    at St.parseIdentifier (/Users/katerynahp/.vscode/node_modules/@babel/parser/lib/index.js:13955:23)
    at St.parseBindingAtom (/Users/katerynahp/.vscode/node_modules/@babel/parser/lib/index.js:11840:17)
    at St.parseBindingAtom (/Users/katerynahp/.vscode/node_modules/@babel/parser/lib/index.js:6550:22)
    at St.parseVarId (/Users/katerynahp/.vscode/node_modules/@babel/parser/lib/index.js:15288:20)
    at St.parseVarId (/Users/katerynahp/.vscode/node_modules/@babel/parser/lib/index.js:6565:11)
    at St.parseVar (/Users/katerynahp/.vscode/node_modules/@babel/parser/lib/index.js:15263:12)
    at St.parseVarStatement (/Users/katerynahp/.vscode/node_modules/@babel/parser/lib/index.js:15066:10)
    at St.parseStatementContent (/Users/katerynahp/.vscode/node_modules/@babel/parser/lib/index.js:14608:21)
    at St.parseStatement (/Users/katerynahp/.vscode/node_modules/@babel/parser/lib/index.js:14533:17)
    at St.parseStatement (/Users/katerynahp/.vscode/node_modules/@babel/parser/lib/index.js:5823:24)
    at St.parseBlockOrModuleBlockBody (/Users/katerynahp/.vscode/node_modules/@babel/parser/lib/index.js:15176:25)
    at St.parseBlockBody (/Users/katerynahp/.vscode/node_modules/@babel/parser/lib/index.js:15167:10)
    at St.parseProgram (/Users/katerynahp/.vscode/node_modules/@babel/parser/lib/index.js:14451:10)
    at St.parseTopLevel (/Users/katerynahp/.vscode/node_modules/@babel/parser/lib/index.js:14438:25)
    at St.parseTopLevel (/Users/katerynahp/.vscode/node_modules/@babel/parser/lib/index.js:6827:28)
    at St.parse (/Users/katerynahp/.vscode/node_modules/@babel/parser/lib/index.js:16401:10)
    at jsParse (/Users/katerynahp/.vscode/node_modules/@babel/parser/lib/index.js:16453:38)
    at parse (/Users/katerynahp/.vscode/extensions/import-cost/src/babel-parser.js:65:10)
    at getPackagesFromJS (/Users/katerynahp/.vscode/extensions/import-cost/src/babel-parser.js:57:15)
    at getPackages (/Users/katerynahp/.vscode/extensions/import-cost/src/parser.js:37:12)
    at Timeout._onTimeout (/Users/katerynahp/.vscode/extensions/import-cost/src/index.js:21:21)
    at listOnTimeout (node:internal/timers:559:17)
    at processTimers (node:internal/timers:502:7)
2023-03-30 21:30:58.853 [error] Unexpected token (4:7): SyntaxError: Unexpected token (4:7)
    at instantiate (/Users/katerynahp/.vscode/node_modules/@babel/parser/lib/index.js:72:32)
    at toParseError (/Users/katerynahp/.vscode/node_modules/@babel/parser/lib/index.js:358:12)
    at St.raise (/Users/katerynahp/.vscode/node_modules/@babel/parser/lib/index.js:3335:19)
    at St.unexpected (/Users/katerynahp/.vscode/node_modules/@babel/parser/lib/index.js:3373:16)
    at St.parseIdentifierName (/Users/katerynahp/.vscode/node_modules/@babel/parser/lib/index.js:13975:18)
    at St.parseIdentifier (/Users/katerynahp/.vscode/node_modules/@babel/parser/lib/index.js:13955:23)
    at St.parseBindingAtom (/Users/katerynahp/.vscode/node_modules/@babel/parser/lib/index.js:11840:17)
    at St.parseBindingAtom (/Users/katerynahp/.vscode/node_modules/@babel/parser/lib/index.js:6550:22)
    at St.parseVarId (/Users/katerynahp/.vscode/node_modules/@babel/parser/lib/index.js:15288:20)
    at St.parseVarId (/Users/katerynahp/.vscode/node_modules/@babel/parser/lib/index.js:6565:11)
    at St.parseVar (/Users/katerynahp/.vscode/node_modules/@babel/parser/lib/index.js:15263:12)
    at St.parseVarStatement (/Users/katerynahp/.vscode/node_modules/@babel/parser/lib/index.js:15066:10)
    at St.parseStatementContent (/Users/katerynahp/.vscode/node_modules/@babel/parser/lib/index.js:14608:21)
    at St.parseStatement (/Users/katerynahp/.vscode/node_modules/@babel/parser/lib/index.js:14533:17)
    at St.parseStatement (/Users/katerynahp/.vscode/node_modules/@babel/parser/lib/index.js:5823:24)
    at St.parseBlockOrModuleBlockBody (/Users/katerynahp/.vscode/node_modules/@babel/parser/lib/index.js:15176:25)
    at St.parseBlockBody (/Users/katerynahp/.vscode/node_modules/@babel/parser/lib/index.js:15167:10)
    at St.parseProgram (/Users/katerynahp/.vscode/node_modules/@babel/parser/lib/index.js:14451:10)
    at St.parseTopLevel (/Users/katerynahp/.vscode/node_modules/@babel/parser/lib/index.js:14438:25)
    at St.parseTopLevel (/Users/katerynahp/.vscode/node_modules/@babel/parser/lib/index.js:6827:28)
    at St.parse (/Users/katerynahp/.vscode/node_modules/@babel/parser/lib/index.js:16401:10)
    at jsParse (/Users/katerynahp/.vscode/node_modules/@babel/parser/lib/index.js:16453:38)
    at parse (/Users/katerynahp/.vscode/extensions/import-cost/src/babel-parser.js:65:10)
    at getPackagesFromJS (/Users/katerynahp/.vscode/extensions/import-cost/src/babel-parser.js:57:15)
    at getPackages (/Users/katerynahp/.vscode/extensions/import-cost/src/parser.js:37:12)
    at Timeout._onTimeout (/Users/katerynahp/.vscode/extensions/import-cost/src/index.js:21:21)
    at listOnTimeout (node:internal/timers:559:17)
    at processTimers (node:internal/timers:502:7)
2023-03-30 21:31:02.182 [error] [Extension Host] [bugsnag] Unhandled rejection…
SyntaxError: Unexpected token (4:7)
    at instantiate (/Users/katerynahp/.vscode/node_modules/@babel/parser/lib/index.js:72:32)
    at toParseError (/Users/katerynahp/.vscode/node_modules/@babel/parser/lib/index.js:358:12)
    at St.raise (/Users/katerynahp/.vscode/node_modules/@babel/parser/lib/index.js:3335:19)
    at St.unexpected (/Users/katerynahp/.vscode/node_modules/@babel/parser/lib/index.js:3373:16)
    at St.parseIdentifierName (/Users/katerynahp/.vscode/node_modules/@babel/parser/lib/index.js:13975:18)
    at St.parseIdentifier (/Users/katerynahp/.vscode/node_modules/@babel/parser/lib/index.js:13955:23)
    at St.parseBindingAtom (/Users/katerynahp/.vscode/node_modules/@babel/parser/lib/index.js:11840:17)
    at St.parseBindingAtom (/Users/katerynahp/.vscode/node_modules/@babel/parser/lib/index.js:6550:22)
    at St.parseVarId (/Users/katerynahp/.vscode/node_modules/@babel/parser/lib/index.js:15288:20)
    at St.parseVarId (/Users/katerynahp/.vscode/node_modules/@babel/parser/lib/index.js:6565:11)
    at St.parseVar (/Users/katerynahp/.vscode/node_modules/@babel/parser/lib/index.js:15263:12)
    at St.parseVarStatement (/Users/katerynahp/.vscode/node_modules/@babel/parser/lib/index.js:15066:10)
    at St.parseStatementContent (/Users/katerynahp/.vscode/node_modules/@babel/parser/lib/index.js:14608:21)
    at St.parseStatement (/Users/katerynahp/.vscode/node_modules/@babel/parser/lib/index.js:14533:17)
    at St.parseStatement (/Users/katerynahp/.vscode/node_modules/@babel/parser/lib/index.js:5823:24)
    at St.parseBlockOrModuleBlockBody (/Users/katerynahp/.vscode/node_modules/@babel/parser/lib/index.js:15176:25)
    at St.parseBlockBody (/Users/katerynahp/.vscode/node_modules/@babel/parser/lib/index.js:15167:10)
    at St.parseProgram (/Users/katerynahp/.vscode/node_modules/@babel/parser/lib/index.js:14451:10)
    at St.parseTopLevel (/Users/katerynahp/.vscode/node_modules/@babel/parser/lib/index.js:14438:25)
    at St.parseTopLevel (/Users/katerynahp/.vscode/node_modules/@babel/parser/lib/index.js:6827:28)
    at St.parse (/Users/katerynahp/.vscode/node_modules/@babel/parser/lib/index.js:16401:10)
    at jsParse (/Users/katerynahp/.vscode/node_modules/@babel/parser/lib/index.js:16453:38)
    at parse (/Users/katerynahp/.vscode/extensions/import-cost/src/babel-parser.js:65:10)
    at getPackagesFromJS (/Users/katerynahp/.vscode/extensions/import-cost/src/babel-parser.js:57:15)
    at getPackages (/Users/katerynahp/.vscode/extensions/import-cost/src/parser.js:37:12)
    at Timeout._onTimeout (/Users/katerynahp/.vscode/extensions/import-cost/src/index.js:21:21)
    at listOnTimeout (node:internal/timers:559:17)
    at processTimers (node:internal/timers:502:7)
2023-03-30 21:31:02.579 [error] Unexpected token (4:7): SyntaxError: Unexpected token (4:7)
    at instantiate (/Users/katerynahp/.vscode/node_modules/@babel/parser/lib/index.js:72:32)
    at toParseError (/Users/katerynahp/.vscode/node_modules/@babel/parser/lib/index.js:358:12)
    at St.raise (/Users/katerynahp/.vscode/node_modules/@babel/parser/lib/index.js:3335:19)
    at St.unexpected (/Users/katerynahp/.vscode/node_modules/@babel/parser/lib/index.js:3373:16)
    at St.parseIdentifierName (/Users/katerynahp/.vscode/node_modules/@babel/parser/lib/index.js:13975:18)
    at St.parseIdentifier (/Users/katerynahp/.vscode/node_modules/@babel/parser/lib/index.js:13955:23)
    at St.parseBindingAtom (/Users/katerynahp/.vscode/node_modules/@babel/parser/lib/index.js:11840:17)
    at St.parseBindingAtom (/Users/katerynahp/.vscode/node_modules/@babel/parser/lib/index.js:6550:22)
    at St.parseVarId (/Users/katerynahp/.vscode/node_modules/@babel/parser/lib/index.js:15288:20)
    at St.parseVarId (/Users/katerynahp/.vscode/node_modules/@babel/parser/lib/index.js:6565:11)
    at St.parseVar (/Users/katerynahp/.vscode/node_modules/@babel/parser/lib/index.js:15263:12)
    at St.parseVarStatement (/Users/katerynahp/.vscode/node_modules/@babel/parser/lib/index.js:15066:10)
    at St.parseStatementContent (/Users/katerynahp/.vscode/node_modules/@babel/parser/lib/index.js:14608:21)
    at St.parseStatement (/Users/katerynahp/.vscode/node_modules/@babel/parser/lib/index.js:14533:17)
    at St.parseStatement (/Users/katerynahp/.vscode/node_modules/@babel/parser/lib/index.js:5823:24)
    at St.parseBlockOrModuleBlockBody (/Users/katerynahp/.vscode/node_modules/@babel/parser/lib/index.js:15176:25)
    at St.parseBlockBody (/Users/katerynahp/.vscode/node_modules/@babel/parser/lib/index.js:15167:10)
    at St.parseProgram (/Users/katerynahp/.vscode/node_modules/@babel/parser/lib/index.js:14451:10)
    at St.parseTopLevel (/Users/katerynahp/.vscode/node_modules/@babel/parser/lib/index.js:14438:25)
    at St.parseTopLevel (/Users/katerynahp/.vscode/node_modules/@babel/parser/lib/index.js:6827:28)
    at St.parse (/Users/katerynahp/.vscode/node_modules/@babel/parser/lib/index.js:16401:10)
    at jsParse (/Users/katerynahp/.vscode/node_modules/@babel/parser/lib/index.js:16453:38)
    at parse (/Users/katerynahp/.vscode/extensions/import-cost/src/babel-parser.js:65:10)
    at getPackagesFromJS (/Users/katerynahp/.vscode/extensions/import-cost/src/babel-parser.js:57:15)
    at getPackages (/Users/katerynahp/.vscode/extensions/import-cost/src/parser.js:37:12)
    at Timeout._onTimeout (/Users/katerynahp/.vscode/extensions/import-cost/src/index.js:21:21)
    at listOnTimeout (node:internal/timers:559:17)
    at processTimers (node:internal/timers:502:7)
