2023-03-30 21:27:35.111 [info] Added views:workbench.panel.markers.view in workbench.panel.markers
2023-03-30 21:27:35.111 [info] Added views:workbench.panel.output in workbench.panel.output
2023-03-30 21:27:35.111 [info] Added views:terminal in terminal
2023-03-30 21:27:35.111 [info] Added views:outline in workbench.view.explorer
2023-03-30 21:27:35.111 [info] Added views:workbench.scm in workbench.view.scm
2023-03-30 21:27:35.111 [info] Added views:workbench.view.search in workbench.view.search
2023-03-30 21:27:35.111 [info] Added views:timeline in workbench.view.explorer
2023-03-30 21:27:35.111 [info] Added views:workbench.explorer.fileView in workbench.view.explorer
2023-03-30 21:27:35.464 [info] Added views:coderslangInit in workbench.view.extension.coderslang
2023-03-30 21:27:35.473 [info] Added views:blackbox-onboarding in workbench.view.extension.blackbox
2023-03-30 21:27:35.477 [info] Added views:pythonEnvironments in workbench.view.extension.package-explorer
2023-03-30 21:27:35.477 [info] Added views:gitlens.views.home,gitlens.views.contributors in workbench.view.extension.gitlens
2023-03-30 21:27:35.477 [info] Added views:gitlens.views.commits,gitlens.views.commitDetails,gitlens.views.fileHistory,gitlens.views.branches,gitlens.views.remotes,gitlens.views.stashes,gitlens.views.tags,gitlens.views.searchAndCompare in workbench.view.scm
2023-03-30 21:27:35.478 [info] Added views:github.codespaces.explorer in workbench.view.remote
2023-03-30 21:27:35.478 [info] Added views:dockerContainers,dockerImages,dockerRegistries,dockerNetworks,dockerVolumes,vscode-docker.views.dockerContexts,vscode-docker.views.help in workbench.view.extension.dockerView
2023-03-30 21:27:35.878 [info] Added views:workbench.debug.welcome in workbench.view.debug
2023-03-30 21:27:36.256 [info] Added views:workbench.panel.repl.view in workbench.panel.repl
2023-03-30 21:27:45.942 [info] Added views:petsView in workbench.view.explorer
2023-03-30 21:27:46.200 [info] Added views:gitlens.views.timeline in workbench.view.extension.gitlensPanel
2023-03-30 21:27:46.202 [info] Added views:gitlens.views.worktrees in workbench.view.scm
2023-03-30 21:28:06.135 [info] Added views:workbench.views.extensions.installed,workbench.views.extensions.popular,extensions.recommendedList in workbench.view.extensions
2023-03-30 21:28:06.143 [info] Removed views:workbench.views.extensions.popular from workbench.view.extensions
2023-03-30 21:28:11.764 [info] Removed views:extensions.recommendedList,workbench.views.extensions.installed from workbench.view.extensions
2023-03-30 21:28:11.803 [info] Added views:workbench.views.extensions.marketplace in workbench.view.extensions
2023-03-30 21:28:29.477 [info] Removed views:workbench.views.extensions.marketplace from workbench.view.extensions
2023-03-30 21:28:29.488 [info] Added views:workbench.views.extensions.installed,extensions.recommendedList in workbench.view.extensions
