2023-03-30 21:25:32.409 [info] Added views:workbench.panel.markers.view in workbench.panel.markers
2023-03-30 21:25:32.409 [info] Added views:workbench.panel.output in workbench.panel.output
2023-03-30 21:25:32.410 [info] Added views:terminal in terminal
2023-03-30 21:25:32.410 [info] Added views:outline in workbench.view.explorer
2023-03-30 21:25:32.410 [info] Added views:workbench.scm in workbench.view.scm
2023-03-30 21:25:32.410 [info] Added views:workbench.view.search in workbench.view.search
2023-03-30 21:25:32.410 [info] Added views:timeline in workbench.view.explorer
2023-03-30 21:25:32.410 [info] Added views:workbench.explorer.emptyView in workbench.view.explorer
2023-03-30 21:25:32.666 [info] Added views:workbench.debug.variablesView,workbench.debug.watchExpressionsView,workbench.debug.callStackView,workbench.debug.breakPointsView in workbench.view.debug
2023-03-30 21:25:35.460 [info] Added views:coderslangInit in workbench.view.extension.coderslang
2023-03-30 21:25:35.461 [info] Added views:blackbox-onboarding in workbench.view.extension.blackbox
2023-03-30 21:25:35.463 [info] Added views:pythonEnvironments in workbench.view.extension.package-explorer
2023-03-30 21:25:35.466 [info] Added views:gitlens.views.home,gitlens.views.contributors in workbench.view.extension.gitlens
2023-03-30 21:25:35.468 [info] Added views:gitlens.views.commits,gitlens.views.commitDetails,gitlens.views.fileHistory,gitlens.views.branches,gitlens.views.remotes,gitlens.views.stashes,gitlens.views.tags,gitlens.views.searchAndCompare in workbench.view.scm
2023-03-30 21:25:35.468 [info] Added views:github.codespaces.explorer in workbench.view.remote
2023-03-30 21:25:35.470 [info] Added views:dockerContainers,dockerImages,dockerRegistries,dockerNetworks,dockerVolumes,vscode-docker.views.dockerContexts,vscode-docker.views.help in workbench.view.extension.dockerView
2023-03-30 21:25:36.831 [info] Added views:workbench.panel.repl.view in workbench.panel.repl
2023-03-30 21:25:36.889 [info] Removed views:workbench.debug.breakPointsView,workbench.debug.callStackView,workbench.debug.watchExpressionsView,workbench.debug.variablesView from workbench.view.debug
2023-03-30 21:25:36.890 [info] Added views:workbench.debug.welcome in workbench.view.debug
2023-03-30 21:25:42.556 [info] Removed views:gitlens.views.searchAndCompare,gitlens.views.tags,gitlens.views.stashes,gitlens.views.remotes,gitlens.views.branches,gitlens.views.fileHistory,gitlens.views.commitDetails,gitlens.views.commits from workbench.view.scm
2023-03-30 21:25:42.557 [info] Removed views:gitlens.views.contributors from workbench.view.extension.gitlens
2023-03-30 21:25:42.662 [info] Added views:petsView in workbench.view.explorer
2023-03-30 21:25:53.325 [info] Added views:~remote.helpPanel in workbench.view.remote
2023-03-30 21:25:53.765 [info] Added views:workbench.views.extensions.installed,workbench.views.extensions.popular,extensions.recommendedList in workbench.view.extensions
2023-03-30 21:25:53.770 [info] Removed views:workbench.views.extensions.popular from workbench.view.extensions
2023-03-30 21:26:09.653 [info] Removed views:extensions.recommendedList,workbench.views.extensions.installed from workbench.view.extensions
2023-03-30 21:26:09.684 [info] Added views:workbench.views.extensions.marketplace in workbench.view.extensions
2023-03-30 21:26:49.682 [info] Added views:workbench.panel.markers.view in workbench.panel.markers
2023-03-30 21:26:49.682 [info] Added views:workbench.panel.output in workbench.panel.output
2023-03-30 21:26:49.682 [info] Added views:terminal in terminal
2023-03-30 21:26:49.682 [info] Added views:outline in workbench.view.explorer
2023-03-30 21:26:49.682 [info] Added views:workbench.scm in workbench.view.scm
2023-03-30 21:26:49.682 [info] Added views:workbench.view.search in workbench.view.search
2023-03-30 21:26:49.682 [info] Added views:timeline in workbench.view.explorer
2023-03-30 21:26:49.682 [info] Added views:workbench.explorer.fileView in workbench.view.explorer
2023-03-30 21:26:50.287 [info] Added views:gitlens.views.home,gitlens.views.contributors in workbench.view.extension.gitlens
2023-03-30 21:26:50.295 [info] Added views:gitlens.views.commits,gitlens.views.commitDetails,gitlens.views.fileHistory,gitlens.views.branches,gitlens.views.remotes,gitlens.views.stashes,gitlens.views.tags,gitlens.views.searchAndCompare in workbench.view.scm
2023-03-30 21:26:50.296 [info] Added views:github.codespaces.explorer in workbench.view.remote
2023-03-30 21:26:50.297 [info] Added views:dockerContainers,dockerImages,dockerRegistries,dockerNetworks,dockerVolumes,vscode-docker.views.dockerContexts,vscode-docker.views.help in workbench.view.extension.dockerView
2023-03-30 21:26:50.974 [info] Added views:workbench.debug.variablesView,workbench.debug.watchExpressionsView,workbench.debug.callStackView,workbench.debug.breakPointsView in workbench.view.debug
2023-03-30 21:26:51.044 [info] Added views:workbench.panel.repl.view in workbench.panel.repl
2023-03-30 21:26:51.046 [info] Removed views:workbench.debug.breakPointsView,workbench.debug.callStackView,workbench.debug.watchExpressionsView,workbench.debug.variablesView from workbench.view.debug
2023-03-30 21:26:51.047 [info] Added views:workbench.debug.welcome in workbench.view.debug
2023-03-30 21:26:56.537 [info] Added views:gitlens.views.timeline in workbench.view.extension.gitlensPanel
2023-03-30 21:26:56.539 [info] Added views:gitlens.views.worktrees in workbench.view.scm
2023-03-30 21:26:58.348 [info] Added views:coderslangInit in workbench.view.extension.coderslang
2023-03-30 21:26:58.349 [info] Added views:blackbox-onboarding in workbench.view.extension.blackbox
2023-03-30 21:26:58.350 [info] Added views:pythonEnvironments in workbench.view.extension.package-explorer
2023-03-30 21:27:00.839 [info] Added views:petsView in workbench.view.explorer
