2023-03-30 21:27:44.837 [info] Log level: Info
2023-03-30 21:27:44.837 [info] Validating found git in: "/usr/bin/git"
2023-03-30 21:27:44.837 [info] Using git "2.30.1 (Apple Git-130)" from "/usr/bin/git"
2023-03-30 21:27:44.837 [info] > git rev-parse --show-toplevel [10ms]
2023-03-30 21:27:44.837 [info] > git rev-parse --git-dir --git-common-dir [11ms]
2023-03-30 21:27:44.837 [info] Open repository: /Users/katerynahp/Desktop/safari
2023-03-30 21:27:44.837 [info] > git rev-parse --show-toplevel [22ms]
2023-03-30 21:27:44.837 [info] > git config --get commit.template [28ms]
2023-03-30 21:27:44.837 [info] > git rev-parse --show-toplevel [9ms]
2023-03-30 21:27:44.837 [info] > git for-each-ref --format=%(refname)%00%(upstream:short)%00%(objectname)%00%(upstream:track)%00%(upstream:remotename)%00%(upstream:remoteref) refs/heads/main refs/remotes/main [14ms]
2023-03-30 21:27:44.837 [info] > git rev-parse --show-toplevel [13ms]
2023-03-30 21:27:44.837 [info] > git rev-parse --show-toplevel [10ms]
2023-03-30 21:27:44.837 [info] > git status -z -uall [21ms]
2023-03-30 21:27:44.837 [info] > git rev-parse --show-toplevel [1439ms]
2023-03-30 21:27:44.837 [info] > git rev-parse --show-toplevel [1876ms]
2023-03-30 21:27:44.841 [info] > git log --format=%H%n%aN%n%aE%n%at%n%ct%n%P%n%D%n%B -z -n120 -- /Users/katerynahp/Desktop/safari/js/main.js [358ms]
2023-03-30 21:27:45.248 [info] > git rev-parse --show-toplevel [736ms]
2023-03-30 21:27:45.424 [info] > git check-ignore -v -z --stdin [194ms]
2023-03-30 21:27:45.426 [info] > git show --textconv :js/main.js [169ms]
2023-03-30 21:27:45.540 [info] > git ls-files --stage -- /Users/katerynahp/Desktop/safari/js/main.js [280ms]
2023-03-30 21:27:45.586 [info] > git cat-file -s ad7629d6b8e55e971c9139895194f9eebfea2bde [31ms]
2023-03-30 21:27:49.808 [info] > git config --get commit.template [11ms]
2023-03-30 21:27:49.810 [info] > git for-each-ref --format=%(refname)%00%(upstream:short)%00%(objectname)%00%(upstream:track)%00%(upstream:remotename)%00%(upstream:remoteref) refs/heads/main refs/remotes/main [10ms]
2023-03-30 21:27:49.830 [info] > git status -z -uall [19ms]
2023-03-30 21:27:54.949 [info] > git config --get commit.template [13ms]
2023-03-30 21:27:54.950 [info] > git for-each-ref --format=%(refname)%00%(upstream:short)%00%(objectname)%00%(upstream:track)%00%(upstream:remotename)%00%(upstream:remoteref) refs/heads/main refs/remotes/main [13ms]
2023-03-30 21:27:54.969 [info] > git status -z -uall [18ms]
2023-03-30 21:28:00.004 [info] > git config --get commit.template [10ms]
2023-03-30 21:28:00.007 [info] > git for-each-ref --format=%(refname)%00%(upstream:short)%00%(objectname)%00%(upstream:track)%00%(upstream:remotename)%00%(upstream:remoteref) refs/heads/main refs/remotes/main [11ms]
2023-03-30 21:28:00.025 [info] > git status -z -uall [17ms]
2023-03-30 21:28:05.063 [info] > git config --get commit.template [12ms]
2023-03-30 21:28:05.065 [info] > git for-each-ref --format=%(refname)%00%(upstream:short)%00%(objectname)%00%(upstream:track)%00%(upstream:remotename)%00%(upstream:remoteref) refs/heads/main refs/remotes/main [12ms]
2023-03-30 21:28:05.088 [info] > git status -z -uall [22ms]
2023-03-30 21:28:10.139 [info] > git config --get commit.template [16ms]
2023-03-30 21:28:10.140 [info] > git for-each-ref --format=%(refname)%00%(upstream:short)%00%(objectname)%00%(upstream:track)%00%(upstream:remotename)%00%(upstream:remoteref) refs/heads/main refs/remotes/main [14ms]
2023-03-30 21:28:10.159 [info] > git status -z -uall [18ms]
2023-03-30 21:28:15.215 [info] > git config --get commit.template [28ms]
2023-03-30 21:28:15.215 [info] > git for-each-ref --format=%(refname)%00%(upstream:short)%00%(objectname)%00%(upstream:track)%00%(upstream:remotename)%00%(upstream:remoteref) refs/heads/main refs/remotes/main [20ms]
2023-03-30 21:28:15.243 [info] > git status -z -uall [26ms]
2023-03-30 21:28:20.291 [info] > git config --get commit.template [11ms]
2023-03-30 21:28:20.293 [info] > git for-each-ref --format=%(refname)%00%(upstream:short)%00%(objectname)%00%(upstream:track)%00%(upstream:remotename)%00%(upstream:remoteref) refs/heads/main refs/remotes/main [11ms]
2023-03-30 21:28:20.314 [info] > git status -z -uall [20ms]
2023-03-30 21:28:26.039 [info] > git config --get commit.template [16ms]
2023-03-30 21:28:26.040 [info] > git for-each-ref --format=%(refname)%00%(upstream:short)%00%(objectname)%00%(upstream:track)%00%(upstream:remotename)%00%(upstream:remoteref) refs/heads/main refs/remotes/main [16ms]
2023-03-30 21:28:26.070 [info] > git status -z -uall [26ms]
2023-03-30 21:28:31.114 [info] > git config --get commit.template [14ms]
2023-03-30 21:28:31.116 [info] > git for-each-ref --format=%(refname)%00%(upstream:short)%00%(objectname)%00%(upstream:track)%00%(upstream:remotename)%00%(upstream:remoteref) refs/heads/main refs/remotes/main [14ms]
2023-03-30 21:28:31.142 [info] > git status -z -uall [24ms]
2023-03-30 21:28:36.174 [info] > git config --get commit.template [12ms]
2023-03-30 21:28:36.177 [info] > git for-each-ref --format=%(refname)%00%(upstream:short)%00%(objectname)%00%(upstream:track)%00%(upstream:remotename)%00%(upstream:remoteref) refs/heads/main refs/remotes/main [14ms]
2023-03-30 21:28:36.202 [info] > git status -z -uall [23ms]
2023-03-30 21:28:41.245 [info] > git config --get commit.template [14ms]
2023-03-30 21:28:41.248 [info] > git for-each-ref --format=%(refname)%00%(upstream:short)%00%(objectname)%00%(upstream:track)%00%(upstream:remotename)%00%(upstream:remoteref) refs/heads/main refs/remotes/main [14ms]
2023-03-30 21:28:41.270 [info] > git status -z -uall [21ms]
2023-03-30 21:28:46.320 [info] > git config --get commit.template [23ms]
2023-03-30 21:28:46.321 [info] > git for-each-ref --format=%(refname)%00%(upstream:short)%00%(objectname)%00%(upstream:track)%00%(upstream:remotename)%00%(upstream:remoteref) refs/heads/main refs/remotes/main [15ms]
2023-03-30 21:28:46.344 [info] > git status -z -uall [22ms]
2023-03-30 21:28:51.391 [info] > git config --get commit.template [18ms]
2023-03-30 21:28:51.392 [info] > git for-each-ref --format=%(refname)%00%(upstream:short)%00%(objectname)%00%(upstream:track)%00%(upstream:remotename)%00%(upstream:remoteref) refs/heads/main refs/remotes/main [14ms]
2023-03-30 21:28:51.414 [info] > git status -z -uall [20ms]
2023-03-30 21:28:55.145 [info] > git log --format=%H%n%aN%n%aE%n%at%n%ct%n%P%n%D%n%B -z -n120 -- /Users/katerynahp/Desktop/safari/index.html [21ms]
2023-03-30 21:28:55.974 [info] > git show --textconv :index.html [10ms]
2023-03-30 21:28:55.996 [info] > git ls-files --stage -- /Users/katerynahp/Desktop/safari/index.html [26ms]
2023-03-30 21:28:56.045 [info] > git cat-file -s fbd60e88509df03f7a5d8267682ab4f3bba585b5 [38ms]
2023-03-30 21:28:56.447 [info] > git config --get commit.template [10ms]
2023-03-30 21:28:56.454 [info] > git for-each-ref --format=%(refname)%00%(upstream:short)%00%(objectname)%00%(upstream:track)%00%(upstream:remotename)%00%(upstream:remoteref) refs/heads/main refs/remotes/main [12ms]
2023-03-30 21:28:56.486 [info] > git status -z -uall [29ms]
2023-03-30 21:29:01.536 [info] > git config --get commit.template [17ms]
2023-03-30 21:29:01.545 [info] > git for-each-ref --format=%(refname)%00%(upstream:short)%00%(objectname)%00%(upstream:track)%00%(upstream:remotename)%00%(upstream:remoteref) refs/heads/main refs/remotes/main [20ms]
2023-03-30 21:29:01.568 [info] > git status -z -uall [22ms]
2023-03-30 21:29:06.602 [info] > git config --get commit.template [14ms]
2023-03-30 21:29:06.604 [info] > git for-each-ref --format=%(refname)%00%(upstream:short)%00%(objectname)%00%(upstream:track)%00%(upstream:remotename)%00%(upstream:remoteref) refs/heads/main refs/remotes/main [13ms]
2023-03-30 21:29:06.623 [info] > git status -z -uall [17ms]
2023-03-30 21:29:14.039 [info] > git config --get commit.template [12ms]
2023-03-30 21:29:14.040 [info] > git for-each-ref --format=%(refname)%00%(upstream:short)%00%(objectname)%00%(upstream:track)%00%(upstream:remotename)%00%(upstream:remoteref) refs/heads/main refs/remotes/main [11ms]
2023-03-30 21:29:14.060 [info] > git status -z -uall [19ms]
2023-03-30 21:29:19.095 [info] > git config --get commit.template [11ms]
2023-03-30 21:29:19.097 [info] > git for-each-ref --format=%(refname)%00%(upstream:short)%00%(objectname)%00%(upstream:track)%00%(upstream:remotename)%00%(upstream:remoteref) refs/heads/main refs/remotes/main [11ms]
2023-03-30 21:29:19.114 [info] > git status -z -uall [16ms]
2023-03-30 21:29:24.148 [info] > git config --get commit.template [11ms]
2023-03-30 21:29:24.150 [info] > git for-each-ref --format=%(refname)%00%(upstream:short)%00%(objectname)%00%(upstream:track)%00%(upstream:remotename)%00%(upstream:remoteref) refs/heads/main refs/remotes/main [10ms]
2023-03-30 21:29:24.168 [info] > git status -z -uall [17ms]
2023-03-30 21:29:26.364 [info] > git log --format=%H%n%aN%n%aE%n%at%n%ct%n%P%n%D%n%B -z -n120 -- /Users/katerynahp/Desktop/safari/index.html [14ms]
2023-03-30 21:29:26.727 [info] > git ls-files --stage -- /Users/katerynahp/Desktop/safari/index.html [11ms]
2023-03-30 21:29:26.729 [info] > git show --textconv :index.html [16ms]
2023-03-30 21:29:26.740 [info] > git cat-file -s fbd60e88509df03f7a5d8267682ab4f3bba585b5 [11ms]
2023-03-30 21:29:29.199 [info] > git config --get commit.template [12ms]
2023-03-30 21:29:29.200 [info] > git for-each-ref --format=%(refname)%00%(upstream:short)%00%(objectname)%00%(upstream:track)%00%(upstream:remotename)%00%(upstream:remoteref) refs/heads/main refs/remotes/main [11ms]
2023-03-30 21:29:29.218 [info] > git status -z -uall [17ms]
2023-03-30 21:29:34.248 [info] > git config --get commit.template [11ms]
2023-03-30 21:29:34.251 [info] > git for-each-ref --format=%(refname)%00%(upstream:short)%00%(objectname)%00%(upstream:track)%00%(upstream:remotename)%00%(upstream:remoteref) refs/heads/main refs/remotes/main [12ms]
2023-03-30 21:29:34.272 [info] > git status -z -uall [20ms]
2023-03-30 21:29:39.305 [info] > git config --get commit.template [11ms]
2023-03-30 21:29:39.306 [info] > git for-each-ref --format=%(refname)%00%(upstream:short)%00%(objectname)%00%(upstream:track)%00%(upstream:remotename)%00%(upstream:remoteref) refs/heads/main refs/remotes/main [10ms]
2023-03-30 21:29:39.324 [info] > git status -z -uall [17ms]
2023-03-30 21:29:46.219 [info] > git config --get commit.template [10ms]
2023-03-30 21:29:46.220 [info] > git for-each-ref --format=%(refname)%00%(upstream:short)%00%(objectname)%00%(upstream:track)%00%(upstream:remotename)%00%(upstream:remoteref) refs/heads/main refs/remotes/main [10ms]
2023-03-30 21:29:46.237 [info] > git status -z -uall [16ms]
2023-03-30 21:29:51.274 [info] > git config --get commit.template [15ms]
2023-03-30 21:29:51.275 [info] > git for-each-ref --format=%(refname)%00%(upstream:short)%00%(objectname)%00%(upstream:track)%00%(upstream:remotename)%00%(upstream:remoteref) refs/heads/main refs/remotes/main [14ms]
2023-03-30 21:29:51.294 [info] > git status -z -uall [18ms]
2023-03-30 21:29:56.330 [info] > git config --get commit.template [11ms]
2023-03-30 21:29:56.332 [info] > git for-each-ref --format=%(refname)%00%(upstream:short)%00%(objectname)%00%(upstream:track)%00%(upstream:remotename)%00%(upstream:remoteref) refs/heads/main refs/remotes/main [10ms]
2023-03-30 21:29:56.349 [info] > git status -z -uall [17ms]
2023-03-30 21:30:01.456 [info] > git config --get commit.template [77ms]
2023-03-30 21:30:01.459 [info] > git for-each-ref --format=%(refname)%00%(upstream:short)%00%(objectname)%00%(upstream:track)%00%(upstream:remotename)%00%(upstream:remoteref) refs/heads/main refs/remotes/main [70ms]
2023-03-30 21:30:01.483 [info] > git status -z -uall [22ms]
2023-03-30 21:30:06.546 [info] > git config --get commit.template [11ms]
2023-03-30 21:30:06.549 [info] > git for-each-ref --format=%(refname)%00%(upstream:short)%00%(objectname)%00%(upstream:track)%00%(upstream:remotename)%00%(upstream:remoteref) refs/heads/main refs/remotes/main [12ms]
2023-03-30 21:30:06.570 [info] > git status -z -uall [20ms]
2023-03-30 21:30:11.603 [info] > git config --get commit.template [11ms]
2023-03-30 21:30:11.605 [info] > git for-each-ref --format=%(refname)%00%(upstream:short)%00%(objectname)%00%(upstream:track)%00%(upstream:remotename)%00%(upstream:remoteref) refs/heads/main refs/remotes/main [10ms]
2023-03-30 21:30:11.625 [info] > git status -z -uall [18ms]
2023-03-30 21:30:15.077 [info] > git log --format=%H%n%aN%n%aE%n%at%n%ct%n%P%n%D%n%B -z -n120 -- /Users/katerynahp/Desktop/safari/js/main.js [35ms]
2023-03-30 21:30:16.660 [info] > git config --get commit.template [11ms]
2023-03-30 21:30:16.662 [info] > git for-each-ref --format=%(refname)%00%(upstream:short)%00%(objectname)%00%(upstream:track)%00%(upstream:remotename)%00%(upstream:remoteref) refs/heads/main refs/remotes/main [11ms]
2023-03-30 21:30:16.680 [info] > git status -z -uall [17ms]
2023-03-30 21:30:21.724 [info] > git config --get commit.template [12ms]
2023-03-30 21:30:21.727 [info] > git for-each-ref --format=%(refname)%00%(upstream:short)%00%(objectname)%00%(upstream:track)%00%(upstream:remotename)%00%(upstream:remoteref) refs/heads/main refs/remotes/main [13ms]
2023-03-30 21:30:21.751 [info] > git status -z -uall [20ms]
2023-03-30 21:30:26.791 [info] > git config --get commit.template [11ms]
2023-03-30 21:30:26.794 [info] > git for-each-ref --format=%(refname)%00%(upstream:short)%00%(objectname)%00%(upstream:track)%00%(upstream:remotename)%00%(upstream:remoteref) refs/heads/main refs/remotes/main [13ms]
2023-03-30 21:30:26.830 [info] > git status -z -uall [34ms]
2023-03-30 21:30:31.872 [info] > git config --get commit.template [20ms]
2023-03-30 21:30:31.882 [info] > git for-each-ref --format=%(refname)%00%(upstream:short)%00%(objectname)%00%(upstream:track)%00%(upstream:remotename)%00%(upstream:remoteref) refs/heads/main refs/remotes/main [23ms]
2023-03-30 21:30:31.950 [info] > git status -z -uall [66ms]
2023-03-30 21:30:37.447 [info] > git config --get commit.template [26ms]
2023-03-30 21:30:37.473 [info] > git for-each-ref --format=%(refname)%00%(upstream:short)%00%(objectname)%00%(upstream:track)%00%(upstream:remotename)%00%(upstream:remoteref) refs/heads/main refs/remotes/main [16ms]
2023-03-30 21:30:37.523 [info] > git status -z -uall [49ms]
2023-03-30 21:30:42.565 [info] > git config --get commit.template [14ms]
2023-03-30 21:30:42.568 [info] > git for-each-ref --format=%(refname)%00%(upstream:short)%00%(objectname)%00%(upstream:track)%00%(upstream:remotename)%00%(upstream:remoteref) refs/heads/main refs/remotes/main [13ms]
2023-03-30 21:30:42.587 [info] > git status -z -uall [18ms]
2023-03-30 21:30:47.623 [info] > git config --get commit.template [17ms]
2023-03-30 21:30:47.630 [info] > git for-each-ref --format=%(refname)%00%(upstream:short)%00%(objectname)%00%(upstream:track)%00%(upstream:remotename)%00%(upstream:remoteref) refs/heads/main refs/remotes/main [20ms]
2023-03-30 21:30:47.653 [info] > git status -z -uall [21ms]
2023-03-30 21:30:52.744 [info] > git config --get commit.template [53ms]
2023-03-30 21:30:52.747 [info] > git for-each-ref --format=%(refname)%00%(upstream:short)%00%(objectname)%00%(upstream:track)%00%(upstream:remotename)%00%(upstream:remoteref) refs/heads/main refs/remotes/main [15ms]
2023-03-30 21:30:52.787 [info] > git status -z -uall [35ms]
2023-03-30 21:30:57.825 [info] > git config --get commit.template [13ms]
2023-03-30 21:30:57.827 [info] > git for-each-ref --format=%(refname)%00%(upstream:short)%00%(objectname)%00%(upstream:track)%00%(upstream:remotename)%00%(upstream:remoteref) refs/heads/main refs/remotes/main [11ms]
2023-03-30 21:30:57.905 [info] > git status -z -uall [77ms]
2023-03-30 21:31:02.937 [info] > git config --get commit.template [13ms]
2023-03-30 21:31:02.938 [info] > git for-each-ref --format=%(refname)%00%(upstream:short)%00%(objectname)%00%(upstream:track)%00%(upstream:remotename)%00%(upstream:remoteref) refs/heads/main refs/remotes/main [12ms]
2023-03-30 21:31:02.958 [info] > git status -z -uall [18ms]
2023-03-30 21:31:07.992 [info] > git config --get commit.template [14ms]
2023-03-30 21:31:07.997 [info] > git for-each-ref --format=%(refname)%00%(upstream:short)%00%(objectname)%00%(upstream:track)%00%(upstream:remotename)%00%(upstream:remoteref) refs/heads/main refs/remotes/main [12ms]
2023-03-30 21:31:08.017 [info] > git status -z -uall [19ms]
2023-03-30 21:31:13.050 [info] > git config --get commit.template [12ms]
2023-03-30 21:31:13.051 [info] > git for-each-ref --format=%(refname)%00%(upstream:short)%00%(objectname)%00%(upstream:track)%00%(upstream:remotename)%00%(upstream:remoteref) refs/heads/main refs/remotes/main [11ms]
2023-03-30 21:31:13.069 [info] > git status -z -uall [18ms]
2023-03-30 21:31:18.103 [info] > git config --get commit.template [15ms]
2023-03-30 21:31:18.106 [info] > git for-each-ref --format=%(refname)%00%(upstream:short)%00%(objectname)%00%(upstream:track)%00%(upstream:remotename)%00%(upstream:remoteref) refs/heads/main refs/remotes/main [17ms]
2023-03-30 21:31:18.130 [info] > git status -z -uall [22ms]
2023-03-30 21:31:23.166 [info] > git config --get commit.template [11ms]
2023-03-30 21:31:23.169 [info] > git for-each-ref --format=%(refname)%00%(upstream:short)%00%(objectname)%00%(upstream:track)%00%(upstream:remotename)%00%(upstream:remoteref) refs/heads/main refs/remotes/main [12ms]
2023-03-30 21:31:23.195 [info] > git status -z -uall [24ms]
2023-03-30 21:31:23.735 [info] > git check-ignore -v -z --stdin [15ms]
2023-03-30 21:31:24.884 [info] > git check-ignore -v -z --stdin [18ms]
2023-03-30 21:31:26.723 [info] > git show --textconv HEAD:index.html [49ms]
2023-03-30 21:31:26.723 [info] > git ls-tree -l HEAD -- /Users/katerynahp/Desktop/safari/index.html [46ms]
2023-03-30 21:31:28.231 [info] > git config --get commit.template [14ms]
2023-03-30 21:31:28.232 [info] > git for-each-ref --format=%(refname)%00%(upstream:short)%00%(objectname)%00%(upstream:track)%00%(upstream:remotename)%00%(upstream:remoteref) refs/heads/main refs/remotes/main [13ms]
2023-03-30 21:31:28.257 [info] > git status -z -uall [24ms]
2023-03-30 21:31:33.300 [info] > git config --get commit.template [15ms]
2023-03-30 21:31:33.302 [info] > git for-each-ref --format=%(refname)%00%(upstream:short)%00%(objectname)%00%(upstream:track)%00%(upstream:remotename)%00%(upstream:remoteref) refs/heads/main refs/remotes/main [16ms]
2023-03-30 21:31:33.323 [info] > git status -z -uall [20ms]
2023-03-30 21:31:34.275 [info] > git log --format=%H%n%aN%n%aE%n%at%n%ct%n%P%n%D%n%B -z -n120 -- /Users/katerynahp/Desktop/safari/index.html [10ms]
2023-03-30 21:31:38.369 [info] > git config --get commit.template [25ms]
2023-03-30 21:31:38.370 [info] > git for-each-ref --format=%(refname)%00%(upstream:short)%00%(objectname)%00%(upstream:track)%00%(upstream:remotename)%00%(upstream:remoteref) refs/heads/main refs/remotes/main [24ms]
2023-03-30 21:31:38.413 [info] > git status -z -uall [39ms]
2023-03-30 21:32:05.977 [info] > git config --get commit.template [10ms]
2023-03-30 21:32:05.980 [info] > git for-each-ref --format=%(refname)%00%(upstream:short)%00%(objectname)%00%(upstream:track)%00%(upstream:remotename)%00%(upstream:remoteref) refs/heads/main refs/remotes/main [11ms]
2023-03-30 21:32:06.001 [info] > git status -z -uall [19ms]
2023-03-30 21:32:36.492 [info] > git config --get commit.template [22ms]
2023-03-30 21:32:36.494 [info] > git for-each-ref --format=%(refname)%00%(upstream:short)%00%(objectname)%00%(upstream:track)%00%(upstream:remotename)%00%(upstream:remoteref) refs/heads/main refs/remotes/main [21ms]
2023-03-30 21:32:36.520 [info] > git status -z -uall [25ms]
2023-03-30 21:32:46.529 [info] > git config --get commit.template [15ms]
2023-03-30 21:32:46.531 [info] > git for-each-ref --format=%(refname)%00%(upstream:short)%00%(objectname)%00%(upstream:track)%00%(upstream:remotename)%00%(upstream:remoteref) refs/heads/main refs/remotes/main [13ms]
2023-03-30 21:32:46.552 [info] > git status -z -uall [20ms]
2023-03-30 21:33:06.796 [info] > git config --get commit.template [13ms]
2023-03-30 21:33:06.799 [info] > git for-each-ref --format=%(refname)%00%(upstream:short)%00%(objectname)%00%(upstream:track)%00%(upstream:remotename)%00%(upstream:remoteref) refs/heads/main refs/remotes/main [13ms]
2023-03-30 21:33:06.823 [info] > git status -z -uall [23ms]
2023-03-30 21:33:36.181 [info] > git config --get commit.template [19ms]
2023-03-30 21:33:36.183 [info] > git for-each-ref --format=%(refname)%00%(upstream:short)%00%(objectname)%00%(upstream:track)%00%(upstream:remotename)%00%(upstream:remoteref) refs/heads/main refs/remotes/main [16ms]
2023-03-30 21:33:36.207 [info] > git status -z -uall [23ms]
2023-03-30 21:33:41.249 [info] > git config --get commit.template [16ms]
2023-03-30 21:33:41.249 [info] > git for-each-ref --format=%(refname)%00%(upstream:short)%00%(objectname)%00%(upstream:track)%00%(upstream:remotename)%00%(upstream:remoteref) refs/heads/main refs/remotes/main [13ms]
2023-03-30 21:33:41.268 [info] > git status -z -uall [18ms]
2023-03-30 21:34:31.976 [info] > git config --get commit.template [21ms]
2023-03-30 21:34:31.981 [info] > git for-each-ref --format=%(refname)%00%(upstream:short)%00%(objectname)%00%(upstream:track)%00%(upstream:remotename)%00%(upstream:remoteref) refs/heads/main refs/remotes/main [26ms]
2023-03-30 21:34:32.029 [info] > git status -z -uall [46ms]
2023-03-30 21:34:36.839 [info] > git ls-tree -l HEAD -- /Users/katerynahp/Desktop/safari/index.html [18ms]
2023-03-30 21:34:37.071 [info] > git config --get commit.template [12ms]
2023-03-30 21:34:37.074 [info] > git for-each-ref --format=%(refname)%00%(upstream:short)%00%(objectname)%00%(upstream:track)%00%(upstream:remotename)%00%(upstream:remoteref) refs/heads/main refs/remotes/main [12ms]
2023-03-30 21:34:37.104 [info] > git status -z -uall [29ms]
2023-03-30 21:34:40.772 [info] > git show --textconv :index.html [12ms]
2023-03-30 21:34:40.774 [info] > git ls-files --stage -- /Users/katerynahp/Desktop/safari/index.html [10ms]
2023-03-30 21:34:40.785 [info] > git cat-file -s fbd60e88509df03f7a5d8267682ab4f3bba585b5 [10ms]
2023-03-30 21:34:42.141 [info] > git config --get commit.template [10ms]
2023-03-30 21:34:42.144 [info] > git for-each-ref --format=%(refname)%00%(upstream:short)%00%(objectname)%00%(upstream:track)%00%(upstream:remotename)%00%(upstream:remoteref) refs/heads/main refs/remotes/main [12ms]
2023-03-30 21:34:42.166 [info] > git status -z -uall [21ms]
2023-03-30 21:34:46.841 [info] > git show --textconv :README.md [6ms]
2023-03-30 21:34:46.851 [info] > git ls-files --stage -- /Users/katerynahp/Desktop/safari/README.md [11ms]
2023-03-30 21:34:46.868 [info] > git cat-file -s 84027cdca4b7b6cf1462ad712ca5acdc11e148d3 [11ms]
2023-03-30 21:34:47.233 [info] > git config --get commit.template [12ms]
2023-03-30 21:34:47.246 [info] > git for-each-ref --format=%(refname)%00%(upstream:short)%00%(objectname)%00%(upstream:track)%00%(upstream:remotename)%00%(upstream:remoteref) refs/heads/main refs/remotes/main [17ms]
2023-03-30 21:34:47.273 [info] > git status -z -uall [24ms]
2023-03-30 21:34:47.971 [info] > git show --textconv :index.html [17ms]
2023-03-30 21:34:47.972 [info] > git ls-files --stage -- /Users/katerynahp/Desktop/safari/index.html [14ms]
2023-03-30 21:34:47.984 [info] > git cat-file -s fbd60e88509df03f7a5d8267682ab4f3bba585b5 [11ms]
2023-03-30 21:34:52.321 [info] > git config --get commit.template [16ms]
2023-03-30 21:34:52.322 [info] > git for-each-ref --format=%(refname)%00%(upstream:short)%00%(objectname)%00%(upstream:track)%00%(upstream:remotename)%00%(upstream:remoteref) refs/heads/main refs/remotes/main [13ms]
2023-03-30 21:34:52.348 [info] > git status -z -uall [25ms]
