2023-03-30 21:25:41.212 [info] Reading sessions from keychain...
2023-03-30 21:25:41.212 [info] Getting sessions for user:email...
2023-03-30 21:25:41.212 [info] Got stored sessions!
2023-03-30 21:25:41.212 [info] Got 2 verified sessions.
2023-03-30 21:25:41.212 [info] Got 1 sessions for user:email...
2023-03-30 21:25:41.212 [info] Getting sessions for all scopes...
2023-03-30 21:25:41.212 [info] Got 2 sessions for ...
2023-03-30 21:25:41.514 [info] Getting sessions for all scopes...
2023-03-30 21:25:41.514 [info] Got 2 sessions for ...
2023-03-30 21:25:42.781 [info] Getting sessions for all scopes...
2023-03-30 21:25:42.781 [info] Got 2 sessions for ...
2023-03-30 21:25:44.327 [info] Getting user info...
2023-03-30 21:25:44.878 [info] Got account info!
2023-03-30 21:25:54.354 [info] Getting sessions for codespace,read:user,repo,user:email...
2023-03-30 21:25:54.354 [info] Got 0 sessions for codespace,read:user,repo,user:email...
2023-03-30 21:25:57.017 [info] Getting sessions for codespace,read:user,repo,user:email...
2023-03-30 21:25:57.017 [info] Got 0 sessions for codespace,read:user,repo,user:email...
2023-03-30 21:26:54.989 [info] Reading sessions from keychain...
2023-03-30 21:26:54.989 [info] Getting sessions for user:email...
2023-03-30 21:26:54.989 [info] Getting sessions for read:user,repo,user:email...
2023-03-30 21:26:54.989 [info] Got stored sessions!
2023-03-30 21:26:54.989 [info] Got 2 verified sessions.
2023-03-30 21:26:54.989 [info] Got 1 sessions for user:email...
2023-03-30 21:26:54.989 [info] Got 0 sessions for read:user,repo,user:email...
2023-03-30 21:26:56.600 [info] Getting sessions for all scopes...
2023-03-30 21:26:56.600 [info] Got 2 sessions for ...
2023-03-30 21:26:56.812 [info] Getting user info...
2023-03-30 21:26:57.536 [info] Got account info!
