2023-03-30 21:27:35.844 [info] Extension host with pid 13889 started
2023-03-30 21:27:35.844 [info] Skipping acquiring lock for /Users/katerynahp/Desktop/safari/~/User/workspaceStorage/47354f89d431cf0a16f315e5bf2043b4.
2023-03-30 21:27:36.245 [info] ExtensionService#_doActivateExtension vscode.typescript-language-features, startup: false, activationEvent: 'onLanguage:javascript'
2023-03-30 21:27:36.259 [info] ExtensionService#_doActivateExtension dbaeumer.jshint, startup: false, activationEvent: 'onLanguage:javascript'
2023-03-30 21:27:36.314 [info] ExtensionService#_doActivateExtension VisualStudioExptTeam.intellicode-api-usage-examples, startup: false, activationEvent: 'onLanguage:javascript'
2023-03-30 21:27:36.419 [info] ExtensionService#_doActivateExtension VisualStudioExptTeam.vscodeintellicode, startup: false, activationEvent: 'onLanguage:javascript'
2023-03-30 21:27:36.456 [info] ExtensionService#_doActivateExtension wix.vscode-import-cost, startup: false, activationEvent: 'onLanguage:javascript'
2023-03-30 21:27:36.977 [info] ExtensionService#_doActivateExtension vscode.emmet, startup: false, activationEvent: 'onLanguage'
2023-03-30 21:27:36.982 [info] ExtensionService#_doActivateExtension formulahendry.code-runner, startup: false, activationEvent: 'onLanguage:code-runner-output'
2023-03-30 21:27:37.128 [info] ExtensionService#_doActivateExtension vscode.git-base, startup: true, activationEvent: '*', root cause: vscode.git
2023-03-30 21:27:37.130 [info] ExtensionService#_doActivateExtension AgileNix.Coderslang, startup: true, activationEvent: '*'
2023-03-30 21:27:37.912 [info] ExtensionService#_doActivateExtension Atishay-Jain.All-Autocomplete, startup: true, activationEvent: '*'
2023-03-30 21:27:37.915 [info] ExtensionService#_doActivateExtension Blackboxapp.blackbox, startup: true, activationEvent: '*'
2023-03-30 21:27:38.004 [info] ExtensionService#_doActivateExtension formulahendry.auto-close-tag, startup: true, activationEvent: '*'
2023-03-30 21:27:38.007 [info] ExtensionService#_doActivateExtension formulahendry.auto-rename-tag, startup: true, activationEvent: '*'
2023-03-30 21:27:38.015 [info] ExtensionService#_doActivateExtension HookyQR.beautify, startup: true, activationEvent: '*'
2023-03-30 21:27:38.241 [info] ExtensionService#_doActivateExtension michelemelluso.code-beautifier, startup: true, activationEvent: '*'
2023-03-30 21:27:38.288 [info] ExtensionService#_doActivateExtension slevesque.vscode-multiclip, startup: true, activationEvent: '*'
2023-03-30 21:27:38.299 [info] ExtensionService#_doActivateExtension wayou.vscode-todo-highlight, startup: true, activationEvent: '*'
2023-03-30 21:27:38.310 [info] ExtensionService#_doActivateExtension zhengrenzhe.nyan-cat, startup: true, activationEvent: '*'
2023-03-30 21:27:39.352 [error] Activating extension zhengrenzhe.nyan-cat failed due to an error:
2023-03-30 21:27:39.352 [error] Error: ENOENT: no such file or directory, open '/Users/katerynahp/Desktop/Visual Studio Code.app/Contents/Resources/app/out/vs/code/electron-browser/workbench/workbench.html'
    at Object.openSync (node:fs:585:3)
    at Object.func [as openSync] (node:electron/js2c/asar_bundle:5:1812)
    at Object.readFileSync (node:fs:453:35)
    at Object.e.readFileSync (node:electron/js2c/asar_bundle:5:9160)
    at backup (/Users/katerynahp/.vscode/extensions/zhengrenzhe.nyan-cat-0.0.8/out/extension.js:59:53)
    at activate (/Users/katerynahp/.vscode/extensions/zhengrenzhe.nyan-cat-0.0.8/out/extension.js:16:5)
    at Function.db (/Users/katerynahp/Desktop/Visual Studio Code.app/Contents/Resources/app/out/vs/workbench/api/node/extensionHostProcess.js:108:14833)
    at Function.cb (/Users/katerynahp/Desktop/Visual Studio Code.app/Contents/Resources/app/out/vs/workbench/api/node/extensionHostProcess.js:108:14532)
    at /Users/katerynahp/Desktop/Visual Studio Code.app/Contents/Resources/app/out/vs/workbench/api/node/extensionHostProcess.js:108:12550
    at f.n (/Users/katerynahp/Desktop/Visual Studio Code.app/Contents/Resources/app/out/vs/workbench/api/node/extensionHostProcess.js:94:6818)
    at f.m (/Users/katerynahp/Desktop/Visual Studio Code.app/Contents/Resources/app/out/vs/workbench/api/node/extensionHostProcess.js:94:6781)
    at f.l (/Users/katerynahp/Desktop/Visual Studio Code.app/Contents/Resources/app/out/vs/workbench/api/node/extensionHostProcess.js:94:6238)
2023-03-30 21:27:39.606 [info] ExtensionService#_doActivateExtension vscode.git, startup: true, activationEvent: '*'
2023-03-30 21:27:40.042 [info] ExtensionService#_doActivateExtension vscode.github, startup: true, activationEvent: '*'
2023-03-30 21:27:40.222 [info] ExtensionService#_doActivateExtension vscode.github-authentication, startup: false, activationEvent: 'onAuthenticationRequest:github'
2023-03-30 21:27:41.202 [warning] [Decorations] CAPPING events from decorations provider vscode.git 1172
2023-03-30 21:27:42.695 [info] ExtensionService#_doActivateExtension glenn2223.live-sass, startup: true, activationEvent: 'workspaceContains:**/*.s[ac]ss'
2023-03-30 21:27:44.427 [info] Eager extensions activated
2023-03-30 21:27:44.533 [info] ExtensionService#_doActivateExtension vscode.debug-auto-launch, startup: false, activationEvent: 'onStartupFinished'
2023-03-30 21:27:44.536 [info] ExtensionService#_doActivateExtension vscode.merge-conflict, startup: false, activationEvent: 'onStartupFinished'
2023-03-30 21:27:44.556 [info] ExtensionService#_doActivateExtension dbaeumer.vscode-eslint, startup: false, activationEvent: 'onStartupFinished'
2023-03-30 21:27:44.566 [info] ExtensionService#_doActivateExtension eamodio.gitlens, startup: false, activationEvent: 'onStartupFinished'
2023-03-30 21:27:44.689 [info] ExtensionService#_doActivateExtension vscode.npm, startup: false, activationEvent: 'onStartupFinished', root cause: esbenp.prettier-vscode
2023-03-30 21:27:44.698 [info] ExtensionService#_doActivateExtension monokai.theme-monokai-pro-vscode, startup: false, activationEvent: 'onStartupFinished'
2023-03-30 21:27:44.708 [info] ExtensionService#_doActivateExtension PKief.material-icon-theme, startup: false, activationEvent: 'onStartupFinished'
2023-03-30 21:27:44.724 [info] ExtensionService#_doActivateExtension ritwickdey.LiveServer, startup: false, activationEvent: 'onStartupFinished'
2023-03-30 21:27:44.741 [info] ExtensionService#_doActivateExtension tonybaloney.vscode-pets, startup: false, activationEvent: 'onStartupFinished'
2023-03-30 21:27:44.771 [info] ExtensionService#_doActivateExtension vscode-icons-team.vscode-icons, startup: false, activationEvent: 'onStartupFinished'
2023-03-30 21:27:44.799 [info] ExtensionService#_doActivateExtension zhuangtongfa.material-theme, startup: false, activationEvent: 'onStartupFinished'
2023-03-30 21:27:45.187 [info] ExtensionService#_doActivateExtension vscode.microsoft-authentication, startup: false, activationEvent: 'onAuthenticationRequest:microsoft'
2023-03-30 21:27:47.372 [info] ExtensionService#_doActivateExtension esbenp.prettier-vscode, startup: false, activationEvent: 'onStartupFinished'
2023-03-30 21:27:49.848 [warning] [Decorations] CAPPING events from decorations provider vscode.git 1185
2023-03-30 21:27:54.980 [warning] [Decorations] CAPPING events from decorations provider vscode.git 1184
2023-03-30 21:28:00.042 [warning] [Decorations] CAPPING events from decorations provider vscode.git 1188
2023-03-30 21:28:05.104 [warning] [Decorations] CAPPING events from decorations provider vscode.git 1190
2023-03-30 21:28:10.171 [warning] [Decorations] CAPPING events from decorations provider vscode.git 1193
2023-03-30 21:28:15.268 [warning] [Decorations] CAPPING events from decorations provider vscode.git 1204
2023-03-30 21:28:20.327 [warning] [Decorations] CAPPING events from decorations provider vscode.git 1206
2023-03-30 21:28:26.091 [warning] [Decorations] CAPPING events from decorations provider vscode.git 1211
2023-03-30 21:28:31.153 [warning] [Decorations] CAPPING events from decorations provider vscode.git 1222
2023-03-30 21:28:36.219 [warning] [Decorations] CAPPING events from decorations provider vscode.git 1252
2023-03-30 21:28:37.793 [info] ExtensionService#_doActivateExtension vscode.configuration-editing, startup: false, activationEvent: 'onLanguage:jsonc'
2023-03-30 21:28:37.807 [info] ExtensionService#_doActivateExtension vscode.json-language-features, startup: false, activationEvent: 'onLanguage:jsonc'
2023-03-30 21:28:37.993 [info] ExtensionService#_doActivateExtension GitHub.codespaces, startup: false, activationEvent: 'onLanguage:jsonc'
2023-03-30 21:28:40.527 [error] Activating extension GitHub.codespaces failed due to an error:
2023-03-30 21:28:40.528 [error] Error: list codespaces request failed with status 499
    at throwCommandError (/Users/katerynahp/.vscode/extensions/github.codespaces-1.14.2/src/api/githubApi.ts:478:19)
    at sn.<anonymous> (/Users/katerynahp/.vscode/extensions/github.codespaces-1.14.2/src/api/githubApi.ts:492:13)
    at Generator.next (<anonymous>)
    at fulfilled (/Users/katerynahp/.vscode/extensions/github.codespaces-1.14.2/out/bundle/extension-node.js:309:140183)
2023-03-30 21:28:41.286 [warning] [Decorations] CAPPING events from decorations provider vscode.git 1256
2023-03-30 21:28:46.361 [warning] [Decorations] CAPPING events from decorations provider vscode.git 1275
2023-03-30 21:28:51.427 [warning] [Decorations] CAPPING events from decorations provider vscode.git 1284
2023-03-30 21:28:52.711 [error] Error: Panel not active, make sure the pets view is visible before running this command.
    at PetWebviewViewProvider.getWebview (/Users/katerynahp/.vscode/extensions/tonybaloney.vscode-pets-1.22.0/out/extension/extension.js:682:19)
    at PetWebviewViewProvider._update (/Users/katerynahp/.vscode/extensions/tonybaloney.vscode-pets-1.22.0/out/extension/extension.js:524:30)
    at PetWebviewViewProvider.update (/Users/katerynahp/.vscode/extensions/tonybaloney.vscode-pets-1.22.0/out/extension/extension.js:678:14)
    at /Users/katerynahp/.vscode/extensions/tonybaloney.vscode-pets-1.22.0/out/extension/extension.js:392:23
    at f.invoke (/Users/katerynahp/Desktop/Visual Studio Code.app/Contents/Resources/app/out/vs/workbench/api/node/extensionHostProcess.js:63:145)
    at g.deliver (/Users/katerynahp/Desktop/Visual Studio Code.app/Contents/Resources/app/out/vs/workbench/api/node/extensionHostProcess.js:63:2066)
    at h.fire (/Users/katerynahp/Desktop/Visual Studio Code.app/Contents/Resources/app/out/vs/workbench/api/node/extensionHostProcess.js:63:1704)
    at n.$acceptConfigurationChanged (/Users/katerynahp/Desktop/Visual Studio Code.app/Contents/Resources/app/out/vs/workbench/api/node/extensionHostProcess.js:107:24436)
    at /Users/katerynahp/Desktop/Visual Studio Code.app/Contents/Resources/app/out/vs/workbench/api/node/extensionHostProcess.js:107:23920
2023-03-30 21:28:55.446 [info] ExtensionService#_doActivateExtension vscode.html-language-features, startup: false, activationEvent: 'onLanguage:html'
2023-03-30 21:28:56.499 [warning] [Decorations] CAPPING events from decorations provider vscode.git 1286
2023-03-30 21:29:01.579 [warning] [Decorations] CAPPING events from decorations provider vscode.git 1286
2023-03-30 21:29:02.343 [warning] TextEditor is closed/disposed
2023-03-30 21:29:06.635 [warning] [Decorations] CAPPING events from decorations provider vscode.git 1288
2023-03-30 21:29:14.071 [warning] [Decorations] CAPPING events from decorations provider vscode.git 1288
2023-03-30 21:29:19.126 [warning] [Decorations] CAPPING events from decorations provider vscode.git 1291
2023-03-30 21:29:24.179 [warning] [Decorations] CAPPING events from decorations provider vscode.git 1291
2023-03-30 21:29:29.229 [warning] [Decorations] CAPPING events from decorations provider vscode.git 1291
2023-03-30 21:29:34.285 [warning] [Decorations] CAPPING events from decorations provider vscode.git 1291
2023-03-30 21:29:39.334 [warning] [Decorations] CAPPING events from decorations provider vscode.git 1291
2023-03-30 21:29:46.247 [warning] [Decorations] CAPPING events from decorations provider vscode.git 1291
2023-03-30 21:29:51.307 [warning] [Decorations] CAPPING events from decorations provider vscode.git 1300
2023-03-30 21:29:56.360 [warning] [Decorations] CAPPING events from decorations provider vscode.git 1301
2023-03-30 21:30:01.522 [warning] [Decorations] CAPPING events from decorations provider vscode.git 1303
2023-03-30 21:30:06.584 [warning] [Decorations] CAPPING events from decorations provider vscode.git 1304
2023-03-30 21:30:11.636 [warning] [Decorations] CAPPING events from decorations provider vscode.git 1306
2023-03-30 21:30:16.691 [warning] [Decorations] CAPPING events from decorations provider vscode.git 1306
2023-03-30 21:30:21.765 [warning] [Decorations] CAPPING events from decorations provider vscode.git 1309
2023-03-30 21:30:26.843 [warning] [Decorations] CAPPING events from decorations provider vscode.git 1309
2023-03-30 21:30:31.966 [warning] [Decorations] CAPPING events from decorations provider vscode.git 1310
2023-03-30 21:30:37.369 [error] SyntaxError: Unexpected token (4:7)
    at instantiate (/Users/katerynahp/.vscode/node_modules/@babel/parser/lib/index.js:72:32)
    at toParseError (/Users/katerynahp/.vscode/node_modules/@babel/parser/lib/index.js:358:12)
    at St.raise (/Users/katerynahp/.vscode/node_modules/@babel/parser/lib/index.js:3335:19)
    at St.unexpected (/Users/katerynahp/.vscode/node_modules/@babel/parser/lib/index.js:3373:16)
    at St.parseIdentifierName (/Users/katerynahp/.vscode/node_modules/@babel/parser/lib/index.js:13975:18)
    at St.parseIdentifier (/Users/katerynahp/.vscode/node_modules/@babel/parser/lib/index.js:13955:23)
    at St.parseBindingAtom (/Users/katerynahp/.vscode/node_modules/@babel/parser/lib/index.js:11840:17)
    at St.parseBindingAtom (/Users/katerynahp/.vscode/node_modules/@babel/parser/lib/index.js:6550:22)
    at St.parseVarId (/Users/katerynahp/.vscode/node_modules/@babel/parser/lib/index.js:15288:20)
    at St.parseVarId (/Users/katerynahp/.vscode/node_modules/@babel/parser/lib/index.js:6565:11)
    at St.parseVar (/Users/katerynahp/.vscode/node_modules/@babel/parser/lib/index.js:15263:12)
    at St.parseVarStatement (/Users/katerynahp/.vscode/node_modules/@babel/parser/lib/index.js:15066:10)
    at St.parseStatementContent (/Users/katerynahp/.vscode/node_modules/@babel/parser/lib/index.js:14608:21)
    at St.parseStatement (/Users/katerynahp/.vscode/node_modules/@babel/parser/lib/index.js:14533:17)
    at St.parseStatement (/Users/katerynahp/.vscode/node_modules/@babel/parser/lib/index.js:5823:24)
    at St.parseBlockOrModuleBlockBody (/Users/katerynahp/.vscode/node_modules/@babel/parser/lib/index.js:15176:25)
    at St.parseBlockBody (/Users/katerynahp/.vscode/node_modules/@babel/parser/lib/index.js:15167:10)
    at St.parseProgram (/Users/katerynahp/.vscode/node_modules/@babel/parser/lib/index.js:14451:10)
    at St.parseTopLevel (/Users/katerynahp/.vscode/node_modules/@babel/parser/lib/index.js:14438:25)
    at St.parseTopLevel (/Users/katerynahp/.vscode/node_modules/@babel/parser/lib/index.js:6827:28)
    at St.parse (/Users/katerynahp/.vscode/node_modules/@babel/parser/lib/index.js:16401:10)
    at jsParse (/Users/katerynahp/.vscode/node_modules/@babel/parser/lib/index.js:16453:38)
    at parse (/Users/katerynahp/.vscode/extensions/import-cost/src/babel-parser.js:65:10)
    at getPackagesFromJS (/Users/katerynahp/.vscode/extensions/import-cost/src/babel-parser.js:57:15)
    at getPackages (/Users/katerynahp/.vscode/extensions/import-cost/src/parser.js:37:12)
    at Timeout._onTimeout (/Users/katerynahp/.vscode/extensions/import-cost/src/index.js:21:21)
    at listOnTimeout (node:internal/timers:559:17)
    at processTimers (node:internal/timers:502:7)
2023-03-30 21:30:37.538 [warning] [Decorations] CAPPING events from decorations provider vscode.git 1314
2023-03-30 21:30:38.406 [error] SyntaxError: Unexpected token (4:7)
    at instantiate (/Users/katerynahp/.vscode/node_modules/@babel/parser/lib/index.js:72:32)
    at toParseError (/Users/katerynahp/.vscode/node_modules/@babel/parser/lib/index.js:358:12)
    at St.raise (/Users/katerynahp/.vscode/node_modules/@babel/parser/lib/index.js:3335:19)
    at St.unexpected (/Users/katerynahp/.vscode/node_modules/@babel/parser/lib/index.js:3373:16)
    at St.parseIdentifierName (/Users/katerynahp/.vscode/node_modules/@babel/parser/lib/index.js:13975:18)
    at St.parseIdentifier (/Users/katerynahp/.vscode/node_modules/@babel/parser/lib/index.js:13955:23)
    at St.parseBindingAtom (/Users/katerynahp/.vscode/node_modules/@babel/parser/lib/index.js:11840:17)
    at St.parseBindingAtom (/Users/katerynahp/.vscode/node_modules/@babel/parser/lib/index.js:6550:22)
    at St.parseVarId (/Users/katerynahp/.vscode/node_modules/@babel/parser/lib/index.js:15288:20)
    at St.parseVarId (/Users/katerynahp/.vscode/node_modules/@babel/parser/lib/index.js:6565:11)
    at St.parseVar (/Users/katerynahp/.vscode/node_modules/@babel/parser/lib/index.js:15263:12)
    at St.parseVarStatement (/Users/katerynahp/.vscode/node_modules/@babel/parser/lib/index.js:15066:10)
    at St.parseStatementContent (/Users/katerynahp/.vscode/node_modules/@babel/parser/lib/index.js:14608:21)
    at St.parseStatement (/Users/katerynahp/.vscode/node_modules/@babel/parser/lib/index.js:14533:17)
    at St.parseStatement (/Users/katerynahp/.vscode/node_modules/@babel/parser/lib/index.js:5823:24)
    at St.parseBlockOrModuleBlockBody (/Users/katerynahp/.vscode/node_modules/@babel/parser/lib/index.js:15176:25)
    at St.parseBlockBody (/Users/katerynahp/.vscode/node_modules/@babel/parser/lib/index.js:15167:10)
    at St.parseProgram (/Users/katerynahp/.vscode/node_modules/@babel/parser/lib/index.js:14451:10)
    at St.parseTopLevel (/Users/katerynahp/.vscode/node_modules/@babel/parser/lib/index.js:14438:25)
    at St.parseTopLevel (/Users/katerynahp/.vscode/node_modules/@babel/parser/lib/index.js:6827:28)
    at St.parse (/Users/katerynahp/.vscode/node_modules/@babel/parser/lib/index.js:16401:10)
    at jsParse (/Users/katerynahp/.vscode/node_modules/@babel/parser/lib/index.js:16453:38)
    at parse (/Users/katerynahp/.vscode/extensions/import-cost/src/babel-parser.js:65:10)
    at getPackagesFromJS (/Users/katerynahp/.vscode/extensions/import-cost/src/babel-parser.js:57:15)
    at getPackages (/Users/katerynahp/.vscode/extensions/import-cost/src/parser.js:37:12)
    at Timeout._onTimeout (/Users/katerynahp/.vscode/extensions/import-cost/src/index.js:21:21)
    at listOnTimeout (node:internal/timers:559:17)
    at processTimers (node:internal/timers:502:7)
2023-03-30 21:30:38.407 [error] SyntaxError: Unexpected token (4:7)
    at instantiate (/Users/katerynahp/.vscode/node_modules/@babel/parser/lib/index.js:72:32)
    at toParseError (/Users/katerynahp/.vscode/node_modules/@babel/parser/lib/index.js:358:12)
    at St.raise (/Users/katerynahp/.vscode/node_modules/@babel/parser/lib/index.js:3335:19)
    at St.unexpected (/Users/katerynahp/.vscode/node_modules/@babel/parser/lib/index.js:3373:16)
    at St.parseIdentifierName (/Users/katerynahp/.vscode/node_modules/@babel/parser/lib/index.js:13975:18)
    at St.parseIdentifier (/Users/katerynahp/.vscode/node_modules/@babel/parser/lib/index.js:13955:23)
    at St.parseBindingAtom (/Users/katerynahp/.vscode/node_modules/@babel/parser/lib/index.js:11840:17)
    at St.parseBindingAtom (/Users/katerynahp/.vscode/node_modules/@babel/parser/lib/index.js:6550:22)
    at St.parseVarId (/Users/katerynahp/.vscode/node_modules/@babel/parser/lib/index.js:15288:20)
    at St.parseVarId (/Users/katerynahp/.vscode/node_modules/@babel/parser/lib/index.js:6565:11)
    at St.parseVar (/Users/katerynahp/.vscode/node_modules/@babel/parser/lib/index.js:15263:12)
    at St.parseVarStatement (/Users/katerynahp/.vscode/node_modules/@babel/parser/lib/index.js:15066:10)
    at St.parseStatementContent (/Users/katerynahp/.vscode/node_modules/@babel/parser/lib/index.js:14608:21)
    at St.parseStatement (/Users/katerynahp/.vscode/node_modules/@babel/parser/lib/index.js:14533:17)
    at St.parseStatement (/Users/katerynahp/.vscode/node_modules/@babel/parser/lib/index.js:5823:24)
    at St.parseBlockOrModuleBlockBody (/Users/katerynahp/.vscode/node_modules/@babel/parser/lib/index.js:15176:25)
    at St.parseBlockBody (/Users/katerynahp/.vscode/node_modules/@babel/parser/lib/index.js:15167:10)
    at St.parseProgram (/Users/katerynahp/.vscode/node_modules/@babel/parser/lib/index.js:14451:10)
    at St.parseTopLevel (/Users/katerynahp/.vscode/node_modules/@babel/parser/lib/index.js:14438:25)
    at St.parseTopLevel (/Users/katerynahp/.vscode/node_modules/@babel/parser/lib/index.js:6827:28)
    at St.parse (/Users/katerynahp/.vscode/node_modules/@babel/parser/lib/index.js:16401:10)
    at jsParse (/Users/katerynahp/.vscode/node_modules/@babel/parser/lib/index.js:16453:38)
    at parse (/Users/katerynahp/.vscode/extensions/import-cost/src/babel-parser.js:65:10)
    at getPackagesFromJS (/Users/katerynahp/.vscode/extensions/import-cost/src/babel-parser.js:57:15)
    at getPackages (/Users/katerynahp/.vscode/extensions/import-cost/src/parser.js:37:12)
    at Timeout._onTimeout (/Users/katerynahp/.vscode/extensions/import-cost/src/index.js:21:21)
    at listOnTimeout (node:internal/timers:559:17)
    at processTimers (node:internal/timers:502:7)
2023-03-30 21:30:38.408 [error] SyntaxError: Unexpected token (4:7)
    at instantiate (/Users/katerynahp/.vscode/node_modules/@babel/parser/lib/index.js:72:32)
    at toParseError (/Users/katerynahp/.vscode/node_modules/@babel/parser/lib/index.js:358:12)
    at St.raise (/Users/katerynahp/.vscode/node_modules/@babel/parser/lib/index.js:3335:19)
    at St.unexpected (/Users/katerynahp/.vscode/node_modules/@babel/parser/lib/index.js:3373:16)
    at St.parseIdentifierName (/Users/katerynahp/.vscode/node_modules/@babel/parser/lib/index.js:13975:18)
    at St.parseIdentifier (/Users/katerynahp/.vscode/node_modules/@babel/parser/lib/index.js:13955:23)
    at St.parseBindingAtom (/Users/katerynahp/.vscode/node_modules/@babel/parser/lib/index.js:11840:17)
    at St.parseBindingAtom (/Users/katerynahp/.vscode/node_modules/@babel/parser/lib/index.js:6550:22)
    at St.parseVarId (/Users/katerynahp/.vscode/node_modules/@babel/parser/lib/index.js:15288:20)
    at St.parseVarId (/Users/katerynahp/.vscode/node_modules/@babel/parser/lib/index.js:6565:11)
    at St.parseVar (/Users/katerynahp/.vscode/node_modules/@babel/parser/lib/index.js:15263:12)
    at St.parseVarStatement (/Users/katerynahp/.vscode/node_modules/@babel/parser/lib/index.js:15066:10)
    at St.parseStatementContent (/Users/katerynahp/.vscode/node_modules/@babel/parser/lib/index.js:14608:21)
    at St.parseStatement (/Users/katerynahp/.vscode/node_modules/@babel/parser/lib/index.js:14533:17)
    at St.parseStatement (/Users/katerynahp/.vscode/node_modules/@babel/parser/lib/index.js:5823:24)
    at St.parseBlockOrModuleBlockBody (/Users/katerynahp/.vscode/node_modules/@babel/parser/lib/index.js:15176:25)
    at St.parseBlockBody (/Users/katerynahp/.vscode/node_modules/@babel/parser/lib/index.js:15167:10)
    at St.parseProgram (/Users/katerynahp/.vscode/node_modules/@babel/parser/lib/index.js:14451:10)
    at St.parseTopLevel (/Users/katerynahp/.vscode/node_modules/@babel/parser/lib/index.js:14438:25)
    at St.parseTopLevel (/Users/katerynahp/.vscode/node_modules/@babel/parser/lib/index.js:6827:28)
    at St.parse (/Users/katerynahp/.vscode/node_modules/@babel/parser/lib/index.js:16401:10)
    at jsParse (/Users/katerynahp/.vscode/node_modules/@babel/parser/lib/index.js:16453:38)
    at parse (/Users/katerynahp/.vscode/extensions/import-cost/src/babel-parser.js:65:10)
    at getPackagesFromJS (/Users/katerynahp/.vscode/extensions/import-cost/src/babel-parser.js:57:15)
    at getPackages (/Users/katerynahp/.vscode/extensions/import-cost/src/parser.js:37:12)
    at Timeout._onTimeout (/Users/katerynahp/.vscode/extensions/import-cost/src/index.js:21:21)
    at listOnTimeout (node:internal/timers:559:17)
    at processTimers (node:internal/timers:502:7)
2023-03-30 21:30:38.408 [error] SyntaxError: Unexpected token (4:7)
    at instantiate (/Users/katerynahp/.vscode/node_modules/@babel/parser/lib/index.js:72:32)
    at toParseError (/Users/katerynahp/.vscode/node_modules/@babel/parser/lib/index.js:358:12)
    at St.raise (/Users/katerynahp/.vscode/node_modules/@babel/parser/lib/index.js:3335:19)
    at St.unexpected (/Users/katerynahp/.vscode/node_modules/@babel/parser/lib/index.js:3373:16)
    at St.parseIdentifierName (/Users/katerynahp/.vscode/node_modules/@babel/parser/lib/index.js:13975:18)
    at St.parseIdentifier (/Users/katerynahp/.vscode/node_modules/@babel/parser/lib/index.js:13955:23)
    at St.parseBindingAtom (/Users/katerynahp/.vscode/node_modules/@babel/parser/lib/index.js:11840:17)
    at St.parseBindingAtom (/Users/katerynahp/.vscode/node_modules/@babel/parser/lib/index.js:6550:22)
    at St.parseVarId (/Users/katerynahp/.vscode/node_modules/@babel/parser/lib/index.js:15288:20)
    at St.parseVarId (/Users/katerynahp/.vscode/node_modules/@babel/parser/lib/index.js:6565:11)
    at St.parseVar (/Users/katerynahp/.vscode/node_modules/@babel/parser/lib/index.js:15263:12)
    at St.parseVarStatement (/Users/katerynahp/.vscode/node_modules/@babel/parser/lib/index.js:15066:10)
    at St.parseStatementContent (/Users/katerynahp/.vscode/node_modules/@babel/parser/lib/index.js:14608:21)
    at St.parseStatement (/Users/katerynahp/.vscode/node_modules/@babel/parser/lib/index.js:14533:17)
    at St.parseStatement (/Users/katerynahp/.vscode/node_modules/@babel/parser/lib/index.js:5823:24)
    at St.parseBlockOrModuleBlockBody (/Users/katerynahp/.vscode/node_modules/@babel/parser/lib/index.js:15176:25)
    at St.parseBlockBody (/Users/katerynahp/.vscode/node_modules/@babel/parser/lib/index.js:15167:10)
    at St.parseProgram (/Users/katerynahp/.vscode/node_modules/@babel/parser/lib/index.js:14451:10)
    at St.parseTopLevel (/Users/katerynahp/.vscode/node_modules/@babel/parser/lib/index.js:14438:25)
    at St.parseTopLevel (/Users/katerynahp/.vscode/node_modules/@babel/parser/lib/index.js:6827:28)
    at St.parse (/Users/katerynahp/.vscode/node_modules/@babel/parser/lib/index.js:16401:10)
    at jsParse (/Users/katerynahp/.vscode/node_modules/@babel/parser/lib/index.js:16453:38)
    at parse (/Users/katerynahp/.vscode/extensions/import-cost/src/babel-parser.js:65:10)
    at getPackagesFromJS (/Users/katerynahp/.vscode/extensions/import-cost/src/babel-parser.js:57:15)
    at getPackages (/Users/katerynahp/.vscode/extensions/import-cost/src/parser.js:37:12)
    at Timeout._onTimeout (/Users/katerynahp/.vscode/extensions/import-cost/src/index.js:21:21)
    at listOnTimeout (node:internal/timers:559:17)
    at processTimers (node:internal/timers:502:7)
2023-03-30 21:30:38.418 [error] SyntaxError: Unexpected token (4:7)
    at instantiate (/Users/katerynahp/.vscode/node_modules/@babel/parser/lib/index.js:72:32)
    at toParseError (/Users/katerynahp/.vscode/node_modules/@babel/parser/lib/index.js:358:12)
    at St.raise (/Users/katerynahp/.vscode/node_modules/@babel/parser/lib/index.js:3335:19)
    at St.unexpected (/Users/katerynahp/.vscode/node_modules/@babel/parser/lib/index.js:3373:16)
    at St.parseIdentifierName (/Users/katerynahp/.vscode/node_modules/@babel/parser/lib/index.js:13975:18)
    at St.parseIdentifier (/Users/katerynahp/.vscode/node_modules/@babel/parser/lib/index.js:13955:23)
    at St.parseBindingAtom (/Users/katerynahp/.vscode/node_modules/@babel/parser/lib/index.js:11840:17)
    at St.parseBindingAtom (/Users/katerynahp/.vscode/node_modules/@babel/parser/lib/index.js:6550:22)
    at St.parseVarId (/Users/katerynahp/.vscode/node_modules/@babel/parser/lib/index.js:15288:20)
    at St.parseVarId (/Users/katerynahp/.vscode/node_modules/@babel/parser/lib/index.js:6565:11)
    at St.parseVar (/Users/katerynahp/.vscode/node_modules/@babel/parser/lib/index.js:15263:12)
    at St.parseVarStatement (/Users/katerynahp/.vscode/node_modules/@babel/parser/lib/index.js:15066:10)
    at St.parseStatementContent (/Users/katerynahp/.vscode/node_modules/@babel/parser/lib/index.js:14608:21)
    at St.parseStatement (/Users/katerynahp/.vscode/node_modules/@babel/parser/lib/index.js:14533:17)
    at St.parseStatement (/Users/katerynahp/.vscode/node_modules/@babel/parser/lib/index.js:5823:24)
    at St.parseBlockOrModuleBlockBody (/Users/katerynahp/.vscode/node_modules/@babel/parser/lib/index.js:15176:25)
    at St.parseBlockBody (/Users/katerynahp/.vscode/node_modules/@babel/parser/lib/index.js:15167:10)
    at St.parseProgram (/Users/katerynahp/.vscode/node_modules/@babel/parser/lib/index.js:14451:10)
    at St.parseTopLevel (/Users/katerynahp/.vscode/node_modules/@babel/parser/lib/index.js:14438:25)
    at St.parseTopLevel (/Users/katerynahp/.vscode/node_modules/@babel/parser/lib/index.js:6827:28)
    at St.parse (/Users/katerynahp/.vscode/node_modules/@babel/parser/lib/index.js:16401:10)
    at jsParse (/Users/katerynahp/.vscode/node_modules/@babel/parser/lib/index.js:16453:38)
    at parse (/Users/katerynahp/.vscode/extensions/import-cost/src/babel-parser.js:65:10)
    at getPackagesFromJS (/Users/katerynahp/.vscode/extensions/import-cost/src/babel-parser.js:57:15)
    at getPackages (/Users/katerynahp/.vscode/extensions/import-cost/src/parser.js:37:12)
    at Timeout._onTimeout (/Users/katerynahp/.vscode/extensions/import-cost/src/index.js:21:21)
    at listOnTimeout (node:internal/timers:559:17)
    at processTimers (node:internal/timers:502:7)
2023-03-30 21:30:38.418 [error] SyntaxError: Unexpected token (4:7)
    at instantiate (/Users/katerynahp/.vscode/node_modules/@babel/parser/lib/index.js:72:32)
    at toParseError (/Users/katerynahp/.vscode/node_modules/@babel/parser/lib/index.js:358:12)
    at St.raise (/Users/katerynahp/.vscode/node_modules/@babel/parser/lib/index.js:3335:19)
    at St.unexpected (/Users/katerynahp/.vscode/node_modules/@babel/parser/lib/index.js:3373:16)
    at St.parseIdentifierName (/Users/katerynahp/.vscode/node_modules/@babel/parser/lib/index.js:13975:18)
    at St.parseIdentifier (/Users/katerynahp/.vscode/node_modules/@babel/parser/lib/index.js:13955:23)
    at St.parseBindingAtom (/Users/katerynahp/.vscode/node_modules/@babel/parser/lib/index.js:11840:17)
    at St.parseBindingAtom (/Users/katerynahp/.vscode/node_modules/@babel/parser/lib/index.js:6550:22)
    at St.parseVarId (/Users/katerynahp/.vscode/node_modules/@babel/parser/lib/index.js:15288:20)
    at St.parseVarId (/Users/katerynahp/.vscode/node_modules/@babel/parser/lib/index.js:6565:11)
    at St.parseVar (/Users/katerynahp/.vscode/node_modules/@babel/parser/lib/index.js:15263:12)
    at St.parseVarStatement (/Users/katerynahp/.vscode/node_modules/@babel/parser/lib/index.js:15066:10)
    at St.parseStatementContent (/Users/katerynahp/.vscode/node_modules/@babel/parser/lib/index.js:14608:21)
    at St.parseStatement (/Users/katerynahp/.vscode/node_modules/@babel/parser/lib/index.js:14533:17)
    at St.parseStatement (/Users/katerynahp/.vscode/node_modules/@babel/parser/lib/index.js:5823:24)
    at St.parseBlockOrModuleBlockBody (/Users/katerynahp/.vscode/node_modules/@babel/parser/lib/index.js:15176:25)
    at St.parseBlockBody (/Users/katerynahp/.vscode/node_modules/@babel/parser/lib/index.js:15167:10)
    at St.parseProgram (/Users/katerynahp/.vscode/node_modules/@babel/parser/lib/index.js:14451:10)
    at St.parseTopLevel (/Users/katerynahp/.vscode/node_modules/@babel/parser/lib/index.js:14438:25)
    at St.parseTopLevel (/Users/katerynahp/.vscode/node_modules/@babel/parser/lib/index.js:6827:28)
    at St.parse (/Users/katerynahp/.vscode/node_modules/@babel/parser/lib/index.js:16401:10)
    at jsParse (/Users/katerynahp/.vscode/node_modules/@babel/parser/lib/index.js:16453:38)
    at parse (/Users/katerynahp/.vscode/extensions/import-cost/src/babel-parser.js:65:10)
    at getPackagesFromJS (/Users/katerynahp/.vscode/extensions/import-cost/src/babel-parser.js:57:15)
    at getPackages (/Users/katerynahp/.vscode/extensions/import-cost/src/parser.js:37:12)
    at Timeout._onTimeout (/Users/katerynahp/.vscode/extensions/import-cost/src/index.js:21:21)
    at listOnTimeout (node:internal/timers:559:17)
    at processTimers (node:internal/timers:502:7)
2023-03-30 21:30:39.574 [error] SyntaxError: Unexpected token (4:7)
    at instantiate (/Users/katerynahp/.vscode/node_modules/@babel/parser/lib/index.js:72:32)
    at toParseError (/Users/katerynahp/.vscode/node_modules/@babel/parser/lib/index.js:358:12)
    at St.raise (/Users/katerynahp/.vscode/node_modules/@babel/parser/lib/index.js:3335:19)
    at St.unexpected (/Users/katerynahp/.vscode/node_modules/@babel/parser/lib/index.js:3373:16)
    at St.parseIdentifierName (/Users/katerynahp/.vscode/node_modules/@babel/parser/lib/index.js:13975:18)
    at St.parseIdentifier (/Users/katerynahp/.vscode/node_modules/@babel/parser/lib/index.js:13955:23)
    at St.parseBindingAtom (/Users/katerynahp/.vscode/node_modules/@babel/parser/lib/index.js:11840:17)
    at St.parseBindingAtom (/Users/katerynahp/.vscode/node_modules/@babel/parser/lib/index.js:6550:22)
    at St.parseVarId (/Users/katerynahp/.vscode/node_modules/@babel/parser/lib/index.js:15288:20)
    at St.parseVarId (/Users/katerynahp/.vscode/node_modules/@babel/parser/lib/index.js:6565:11)
    at St.parseVar (/Users/katerynahp/.vscode/node_modules/@babel/parser/lib/index.js:15263:12)
    at St.parseVarStatement (/Users/katerynahp/.vscode/node_modules/@babel/parser/lib/index.js:15066:10)
    at St.parseStatementContent (/Users/katerynahp/.vscode/node_modules/@babel/parser/lib/index.js:14608:21)
    at St.parseStatement (/Users/katerynahp/.vscode/node_modules/@babel/parser/lib/index.js:14533:17)
    at St.parseStatement (/Users/katerynahp/.vscode/node_modules/@babel/parser/lib/index.js:5823:24)
    at St.parseBlockOrModuleBlockBody (/Users/katerynahp/.vscode/node_modules/@babel/parser/lib/index.js:15176:25)
    at St.parseBlockBody (/Users/katerynahp/.vscode/node_modules/@babel/parser/lib/index.js:15167:10)
    at St.parseProgram (/Users/katerynahp/.vscode/node_modules/@babel/parser/lib/index.js:14451:10)
    at St.parseTopLevel (/Users/katerynahp/.vscode/node_modules/@babel/parser/lib/index.js:14438:25)
    at St.parseTopLevel (/Users/katerynahp/.vscode/node_modules/@babel/parser/lib/index.js:6827:28)
    at St.parse (/Users/katerynahp/.vscode/node_modules/@babel/parser/lib/index.js:16401:10)
    at jsParse (/Users/katerynahp/.vscode/node_modules/@babel/parser/lib/index.js:16453:38)
    at parse (/Users/katerynahp/.vscode/extensions/import-cost/src/babel-parser.js:65:10)
    at getPackagesFromJS (/Users/katerynahp/.vscode/extensions/import-cost/src/babel-parser.js:57:15)
    at getPackages (/Users/katerynahp/.vscode/extensions/import-cost/src/parser.js:37:12)
    at Timeout._onTimeout (/Users/katerynahp/.vscode/extensions/import-cost/src/index.js:21:21)
    at listOnTimeout (node:internal/timers:559:17)
    at processTimers (node:internal/timers:502:7)
2023-03-30 21:30:42.598 [warning] [Decorations] CAPPING events from decorations provider vscode.git 1313
2023-03-30 21:30:47.670 [warning] [Decorations] CAPPING events from decorations provider vscode.git 1313
2023-03-30 21:30:48.005 [error] SyntaxError: Unexpected token (4:7)
    at instantiate (/Users/katerynahp/.vscode/node_modules/@babel/parser/lib/index.js:72:32)
    at toParseError (/Users/katerynahp/.vscode/node_modules/@babel/parser/lib/index.js:358:12)
    at St.raise (/Users/katerynahp/.vscode/node_modules/@babel/parser/lib/index.js:3335:19)
    at St.unexpected (/Users/katerynahp/.vscode/node_modules/@babel/parser/lib/index.js:3373:16)
    at St.parseIdentifierName (/Users/katerynahp/.vscode/node_modules/@babel/parser/lib/index.js:13975:18)
    at St.parseIdentifier (/Users/katerynahp/.vscode/node_modules/@babel/parser/lib/index.js:13955:23)
    at St.parseBindingAtom (/Users/katerynahp/.vscode/node_modules/@babel/parser/lib/index.js:11840:17)
    at St.parseBindingAtom (/Users/katerynahp/.vscode/node_modules/@babel/parser/lib/index.js:6550:22)
    at St.parseVarId (/Users/katerynahp/.vscode/node_modules/@babel/parser/lib/index.js:15288:20)
    at St.parseVarId (/Users/katerynahp/.vscode/node_modules/@babel/parser/lib/index.js:6565:11)
    at St.parseVar (/Users/katerynahp/.vscode/node_modules/@babel/parser/lib/index.js:15263:12)
    at St.parseVarStatement (/Users/katerynahp/.vscode/node_modules/@babel/parser/lib/index.js:15066:10)
    at St.parseStatementContent (/Users/katerynahp/.vscode/node_modules/@babel/parser/lib/index.js:14608:21)
    at St.parseStatement (/Users/katerynahp/.vscode/node_modules/@babel/parser/lib/index.js:14533:17)
    at St.parseStatement (/Users/katerynahp/.vscode/node_modules/@babel/parser/lib/index.js:5823:24)
    at St.parseBlockOrModuleBlockBody (/Users/katerynahp/.vscode/node_modules/@babel/parser/lib/index.js:15176:25)
    at St.parseBlockBody (/Users/katerynahp/.vscode/node_modules/@babel/parser/lib/index.js:15167:10)
    at St.parseProgram (/Users/katerynahp/.vscode/node_modules/@babel/parser/lib/index.js:14451:10)
    at St.parseTopLevel (/Users/katerynahp/.vscode/node_modules/@babel/parser/lib/index.js:14438:25)
    at St.parseTopLevel (/Users/katerynahp/.vscode/node_modules/@babel/parser/lib/index.js:6827:28)
    at St.parse (/Users/katerynahp/.vscode/node_modules/@babel/parser/lib/index.js:16401:10)
    at jsParse (/Users/katerynahp/.vscode/node_modules/@babel/parser/lib/index.js:16453:38)
    at parse (/Users/katerynahp/.vscode/extensions/import-cost/src/babel-parser.js:65:10)
    at getPackagesFromJS (/Users/katerynahp/.vscode/extensions/import-cost/src/babel-parser.js:57:15)
    at getPackages (/Users/katerynahp/.vscode/extensions/import-cost/src/parser.js:37:12)
    at Timeout._onTimeout (/Users/katerynahp/.vscode/extensions/import-cost/src/index.js:21:21)
    at listOnTimeout (node:internal/timers:559:17)
    at processTimers (node:internal/timers:502:7)
2023-03-30 21:30:51.126 [error] SyntaxError: Unexpected token (4:7)
    at instantiate (/Users/katerynahp/.vscode/node_modules/@babel/parser/lib/index.js:72:32)
    at toParseError (/Users/katerynahp/.vscode/node_modules/@babel/parser/lib/index.js:358:12)
    at St.raise (/Users/katerynahp/.vscode/node_modules/@babel/parser/lib/index.js:3335:19)
    at St.unexpected (/Users/katerynahp/.vscode/node_modules/@babel/parser/lib/index.js:3373:16)
    at St.parseIdentifierName (/Users/katerynahp/.vscode/node_modules/@babel/parser/lib/index.js:13975:18)
    at St.parseIdentifier (/Users/katerynahp/.vscode/node_modules/@babel/parser/lib/index.js:13955:23)
    at St.parseBindingAtom (/Users/katerynahp/.vscode/node_modules/@babel/parser/lib/index.js:11840:17)
    at St.parseBindingAtom (/Users/katerynahp/.vscode/node_modules/@babel/parser/lib/index.js:6550:22)
    at St.parseVarId (/Users/katerynahp/.vscode/node_modules/@babel/parser/lib/index.js:15288:20)
    at St.parseVarId (/Users/katerynahp/.vscode/node_modules/@babel/parser/lib/index.js:6565:11)
    at St.parseVar (/Users/katerynahp/.vscode/node_modules/@babel/parser/lib/index.js:15263:12)
    at St.parseVarStatement (/Users/katerynahp/.vscode/node_modules/@babel/parser/lib/index.js:15066:10)
    at St.parseStatementContent (/Users/katerynahp/.vscode/node_modules/@babel/parser/lib/index.js:14608:21)
    at St.parseStatement (/Users/katerynahp/.vscode/node_modules/@babel/parser/lib/index.js:14533:17)
    at St.parseStatement (/Users/katerynahp/.vscode/node_modules/@babel/parser/lib/index.js:5823:24)
    at St.parseBlockOrModuleBlockBody (/Users/katerynahp/.vscode/node_modules/@babel/parser/lib/index.js:15176:25)
    at St.parseBlockBody (/Users/katerynahp/.vscode/node_modules/@babel/parser/lib/index.js:15167:10)
    at St.parseProgram (/Users/katerynahp/.vscode/node_modules/@babel/parser/lib/index.js:14451:10)
    at St.parseTopLevel (/Users/katerynahp/.vscode/node_modules/@babel/parser/lib/index.js:14438:25)
    at St.parseTopLevel (/Users/katerynahp/.vscode/node_modules/@babel/parser/lib/index.js:6827:28)
    at St.parse (/Users/katerynahp/.vscode/node_modules/@babel/parser/lib/index.js:16401:10)
    at jsParse (/Users/katerynahp/.vscode/node_modules/@babel/parser/lib/index.js:16453:38)
    at parse (/Users/katerynahp/.vscode/extensions/import-cost/src/babel-parser.js:65:10)
    at getPackagesFromJS (/Users/katerynahp/.vscode/extensions/import-cost/src/babel-parser.js:57:15)
    at getPackages (/Users/katerynahp/.vscode/extensions/import-cost/src/parser.js:37:12)
    at Timeout._onTimeout (/Users/katerynahp/.vscode/extensions/import-cost/src/index.js:21:21)
    at listOnTimeout (node:internal/timers:559:17)
    at processTimers (node:internal/timers:502:7)
2023-03-30 21:30:52.801 [warning] [Decorations] CAPPING events from decorations provider vscode.git 1314
2023-03-30 21:30:57.916 [warning] [Decorations] CAPPING events from decorations provider vscode.git 1314
2023-03-30 21:30:58.847 [error] SyntaxError: Unexpected token (4:7)
    at instantiate (/Users/katerynahp/.vscode/node_modules/@babel/parser/lib/index.js:72:32)
    at toParseError (/Users/katerynahp/.vscode/node_modules/@babel/parser/lib/index.js:358:12)
    at St.raise (/Users/katerynahp/.vscode/node_modules/@babel/parser/lib/index.js:3335:19)
    at St.unexpected (/Users/katerynahp/.vscode/node_modules/@babel/parser/lib/index.js:3373:16)
    at St.parseIdentifierName (/Users/katerynahp/.vscode/node_modules/@babel/parser/lib/index.js:13975:18)
    at St.parseIdentifier (/Users/katerynahp/.vscode/node_modules/@babel/parser/lib/index.js:13955:23)
    at St.parseBindingAtom (/Users/katerynahp/.vscode/node_modules/@babel/parser/lib/index.js:11840:17)
    at St.parseBindingAtom (/Users/katerynahp/.vscode/node_modules/@babel/parser/lib/index.js:6550:22)
    at St.parseVarId (/Users/katerynahp/.vscode/node_modules/@babel/parser/lib/index.js:15288:20)
    at St.parseVarId (/Users/katerynahp/.vscode/node_modules/@babel/parser/lib/index.js:6565:11)
    at St.parseVar (/Users/katerynahp/.vscode/node_modules/@babel/parser/lib/index.js:15263:12)
    at St.parseVarStatement (/Users/katerynahp/.vscode/node_modules/@babel/parser/lib/index.js:15066:10)
    at St.parseStatementContent (/Users/katerynahp/.vscode/node_modules/@babel/parser/lib/index.js:14608:21)
    at St.parseStatement (/Users/katerynahp/.vscode/node_modules/@babel/parser/lib/index.js:14533:17)
    at St.parseStatement (/Users/katerynahp/.vscode/node_modules/@babel/parser/lib/index.js:5823:24)
    at St.parseBlockOrModuleBlockBody (/Users/katerynahp/.vscode/node_modules/@babel/parser/lib/index.js:15176:25)
    at St.parseBlockBody (/Users/katerynahp/.vscode/node_modules/@babel/parser/lib/index.js:15167:10)
    at St.parseProgram (/Users/katerynahp/.vscode/node_modules/@babel/parser/lib/index.js:14451:10)
    at St.parseTopLevel (/Users/katerynahp/.vscode/node_modules/@babel/parser/lib/index.js:14438:25)
    at St.parseTopLevel (/Users/katerynahp/.vscode/node_modules/@babel/parser/lib/index.js:6827:28)
    at St.parse (/Users/katerynahp/.vscode/node_modules/@babel/parser/lib/index.js:16401:10)
    at jsParse (/Users/katerynahp/.vscode/node_modules/@babel/parser/lib/index.js:16453:38)
    at parse (/Users/katerynahp/.vscode/extensions/import-cost/src/babel-parser.js:65:10)
    at getPackagesFromJS (/Users/katerynahp/.vscode/extensions/import-cost/src/babel-parser.js:57:15)
    at getPackages (/Users/katerynahp/.vscode/extensions/import-cost/src/parser.js:37:12)
    at Timeout._onTimeout (/Users/katerynahp/.vscode/extensions/import-cost/src/index.js:21:21)
    at listOnTimeout (node:internal/timers:559:17)
    at processTimers (node:internal/timers:502:7)
2023-03-30 21:31:02.577 [error] SyntaxError: Unexpected token (4:7)
    at instantiate (/Users/katerynahp/.vscode/node_modules/@babel/parser/lib/index.js:72:32)
    at toParseError (/Users/katerynahp/.vscode/node_modules/@babel/parser/lib/index.js:358:12)
    at St.raise (/Users/katerynahp/.vscode/node_modules/@babel/parser/lib/index.js:3335:19)
    at St.unexpected (/Users/katerynahp/.vscode/node_modules/@babel/parser/lib/index.js:3373:16)
    at St.parseIdentifierName (/Users/katerynahp/.vscode/node_modules/@babel/parser/lib/index.js:13975:18)
    at St.parseIdentifier (/Users/katerynahp/.vscode/node_modules/@babel/parser/lib/index.js:13955:23)
    at St.parseBindingAtom (/Users/katerynahp/.vscode/node_modules/@babel/parser/lib/index.js:11840:17)
    at St.parseBindingAtom (/Users/katerynahp/.vscode/node_modules/@babel/parser/lib/index.js:6550:22)
    at St.parseVarId (/Users/katerynahp/.vscode/node_modules/@babel/parser/lib/index.js:15288:20)
    at St.parseVarId (/Users/katerynahp/.vscode/node_modules/@babel/parser/lib/index.js:6565:11)
    at St.parseVar (/Users/katerynahp/.vscode/node_modules/@babel/parser/lib/index.js:15263:12)
    at St.parseVarStatement (/Users/katerynahp/.vscode/node_modules/@babel/parser/lib/index.js:15066:10)
    at St.parseStatementContent (/Users/katerynahp/.vscode/node_modules/@babel/parser/lib/index.js:14608:21)
    at St.parseStatement (/Users/katerynahp/.vscode/node_modules/@babel/parser/lib/index.js:14533:17)
    at St.parseStatement (/Users/katerynahp/.vscode/node_modules/@babel/parser/lib/index.js:5823:24)
    at St.parseBlockOrModuleBlockBody (/Users/katerynahp/.vscode/node_modules/@babel/parser/lib/index.js:15176:25)
    at St.parseBlockBody (/Users/katerynahp/.vscode/node_modules/@babel/parser/lib/index.js:15167:10)
    at St.parseProgram (/Users/katerynahp/.vscode/node_modules/@babel/parser/lib/index.js:14451:10)
    at St.parseTopLevel (/Users/katerynahp/.vscode/node_modules/@babel/parser/lib/index.js:14438:25)
    at St.parseTopLevel (/Users/katerynahp/.vscode/node_modules/@babel/parser/lib/index.js:6827:28)
    at St.parse (/Users/katerynahp/.vscode/node_modules/@babel/parser/lib/index.js:16401:10)
    at jsParse (/Users/katerynahp/.vscode/node_modules/@babel/parser/lib/index.js:16453:38)
    at parse (/Users/katerynahp/.vscode/extensions/import-cost/src/babel-parser.js:65:10)
    at getPackagesFromJS (/Users/katerynahp/.vscode/extensions/import-cost/src/babel-parser.js:57:15)
    at getPackages (/Users/katerynahp/.vscode/extensions/import-cost/src/parser.js:37:12)
    at Timeout._onTimeout (/Users/katerynahp/.vscode/extensions/import-cost/src/index.js:21:21)
    at listOnTimeout (node:internal/timers:559:17)
    at processTimers (node:internal/timers:502:7)
2023-03-30 21:31:02.969 [warning] [Decorations] CAPPING events from decorations provider vscode.git 1314
2023-03-30 21:31:08.028 [warning] [Decorations] CAPPING events from decorations provider vscode.git 1314
2023-03-30 21:31:13.081 [warning] [Decorations] CAPPING events from decorations provider vscode.git 1314
2023-03-30 21:31:18.144 [warning] [Decorations] CAPPING events from decorations provider vscode.git 1314
2023-03-30 21:31:23.207 [warning] [Decorations] CAPPING events from decorations provider vscode.git 1314
2023-03-30 21:31:28.271 [warning] [Decorations] CAPPING events from decorations provider vscode.git 1313
2023-03-30 21:31:33.336 [warning] [Decorations] CAPPING events from decorations provider vscode.git 1313
2023-03-30 21:31:38.434 [warning] [Decorations] CAPPING events from decorations provider vscode.git 1313
2023-03-30 21:32:06.017 [warning] [Decorations] CAPPING events from decorations provider vscode.git 1313
2023-03-30 21:32:36.533 [warning] [Decorations] CAPPING events from decorations provider vscode.git 1313
2023-03-30 21:32:46.564 [warning] [Decorations] CAPPING events from decorations provider vscode.git 1313
2023-03-30 21:33:06.838 [warning] [Decorations] CAPPING events from decorations provider vscode.git 1313
2023-03-30 21:33:36.219 [warning] [Decorations] CAPPING events from decorations provider vscode.git 1313
2023-03-30 21:33:41.281 [warning] [Decorations] CAPPING events from decorations provider vscode.git 1316
2023-03-30 21:34:30.218 [warning] TextEditor is closed/disposed
2023-03-30 21:34:32.042 [warning] [Decorations] CAPPING events from decorations provider vscode.git 1316
2023-03-30 21:34:36.787 [warning] TextEditor is closed/disposed
2023-03-30 21:34:37.124 [warning] [Decorations] CAPPING events from decorations provider vscode.git 1316
2023-03-30 21:34:38.580 [warning] TextEditor is closed/disposed
2023-03-30 21:34:42.177 [warning] [Decorations] CAPPING events from decorations provider vscode.git 1316
2023-03-30 21:34:46.158 [warning] TextEditor is closed/disposed
2023-03-30 21:34:46.406 [info] ExtensionService#_doActivateExtension vscode.extension-editing, startup: false, activationEvent: 'onLanguage:markdown'
2023-03-30 21:34:46.448 [info] ExtensionService#_doActivateExtension vscode.markdown-language-features, startup: false, activationEvent: 'onLanguage:markdown'
2023-03-30 21:34:47.292 [warning] [Decorations] CAPPING events from decorations provider vscode.git 1315
2023-03-30 21:34:47.655 [warning] TextEditor is closed/disposed
2023-03-30 21:34:52.358 [warning] [Decorations] CAPPING events from decorations provider vscode.git 1316
2023-03-30 21:34:55.187 [info] Extension host terminating: renderer closed the MessagePort
2023-03-30 21:34:55.247 [warning] {"name":"Canceled"}
2023-03-30 21:34:55.262 [error] Canceled: Canceled
    at new a (/Users/katerynahp/Desktop/Visual Studio Code.app/Contents/Resources/app/out/vs/workbench/api/node/extensionHostProcess.js:96:88793)
    at c.O (/Users/katerynahp/Desktop/Visual Studio Code.app/Contents/Resources/app/out/vs/workbench/api/node/extensionHostProcess.js:106:11260)
    at Proxy.V.<computed>.Q.charCodeAt.V.<computed> (/Users/katerynahp/Desktop/Visual Studio Code.app/Contents/Resources/app/out/vs/workbench/api/node/extensionHostProcess.js:106:8550)
    at l.g (/Users/katerynahp/Desktop/Visual Studio Code.app/Contents/Resources/app/out/vs/workbench/api/node/extensionHostProcess.js:96:108198)
    at l.executeCommand (/Users/katerynahp/Desktop/Visual Studio Code.app/Contents/Resources/app/out/vs/workbench/api/node/extensionHostProcess.js:96:107574)
    at O.registerCommand.description (/Users/katerynahp/Desktop/Visual Studio Code.app/Contents/Resources/app/out/vs/workbench/api/node/extensionHostProcess.js:96:106867)
    at l.h (/Users/katerynahp/Desktop/Visual Studio Code.app/Contents/Resources/app/out/vs/workbench/api/node/extensionHostProcess.js:96:108784)
    at l.g (/Users/katerynahp/Desktop/Visual Studio Code.app/Contents/Resources/app/out/vs/workbench/api/node/extensionHostProcess.js:96:107674)
    at l.executeCommand (/Users/katerynahp/Desktop/Visual Studio Code.app/Contents/Resources/app/out/vs/workbench/api/node/extensionHostProcess.js:96:107574)
    at Object.executeCommand (/Users/katerynahp/Desktop/Visual Studio Code.app/Contents/Resources/app/out/vs/workbench/api/node/extensionHostProcess.js:117:30781)
    at D (/Users/katerynahp/Desktop/Visual Studio Code.app/Contents/Resources/app/extensions/git/dist/main.js:2:1467127)
    at f.invoke (/Users/katerynahp/Desktop/Visual Studio Code.app/Contents/Resources/app/out/vs/workbench/api/node/extensionHostProcess.js:63:145)
    at g.deliver (/Users/katerynahp/Desktop/Visual Studio Code.app/Contents/Resources/app/out/vs/workbench/api/node/extensionHostProcess.js:63:2066)
    at h.fire (/Users/katerynahp/Desktop/Visual Studio Code.app/Contents/Resources/app/out/vs/workbench/api/node/extensionHostProcess.js:63:1704)
    at Object.m [as dispose] (/Users/katerynahp/Desktop/Visual Studio Code.app/Contents/Resources/app/extensions/git/dist/main.js:2:1481856)
    at /Users/katerynahp/Desktop/Visual Studio Code.app/Contents/Resources/app/extensions/git/dist/main.js:2:1485923
    at Array.forEach (<anonymous>)
    at g.dispose (/Users/katerynahp/Desktop/Visual Studio Code.app/Contents/Resources/app/extensions/git/dist/main.js:2:1485909)
    at C.<anonymous> (/Users/katerynahp/Desktop/Visual Studio Code.app/Contents/Resources/app/out/vs/workbench/api/node/extensionHostProcess.js:94:12431)
    at C.dispose (/Users/katerynahp/Desktop/Visual Studio Code.app/Contents/Resources/app/out/vs/workbench/api/node/extensionHostProcess.js:94:12566)
    at C.<anonymous> (/Users/katerynahp/Desktop/Visual Studio Code.app/Contents/Resources/app/extensions/git/dist/main.js:2:1469257)
    at C.dispose (/Users/katerynahp/Desktop/Visual Studio Code.app/Contents/Resources/app/out/vs/workbench/api/node/extensionHostProcess.js:94:12566)
    at k (/Users/katerynahp/Desktop/Visual Studio Code.app/Contents/Resources/app/out/vs/workbench/api/node/extensionHostProcess.js:10:12074)
    at f.X (/Users/katerynahp/Desktop/Visual Studio Code.app/Contents/Resources/app/out/vs/workbench/api/node/extensionHostProcess.js:108:11284)
    at /Users/katerynahp/Desktop/Visual Studio Code.app/Contents/Resources/app/out/vs/workbench/api/node/extensionHostProcess.js:108:9088
    at Array.map (<anonymous>)
    at f.Q (/Users/katerynahp/Desktop/Visual Studio Code.app/Contents/Resources/app/out/vs/workbench/api/node/extensionHostProcess.js:108:9075)
    at f.terminate (/Users/katerynahp/Desktop/Visual Studio Code.app/Contents/Resources/app/out/vs/workbench/api/node/extensionHostProcess.js:108:9347)
    at u.terminate (/Users/katerynahp/Desktop/Visual Studio Code.app/Contents/Resources/app/out/vs/workbench/api/node/extensionHostProcess.js:112:1397)
    at p (/Users/katerynahp/Desktop/Visual Studio Code.app/Contents/Resources/app/out/vs/workbench/api/node/extensionHostProcess.js:122:18592)
    at MessagePortMain.<anonymous> (/Users/katerynahp/Desktop/Visual Studio Code.app/Contents/Resources/app/out/vs/workbench/api/node/extensionHostProcess.js:122:14731)
    at MessagePortMain.emit (node:events:526:28)
    at MessagePortMain.emit (node:domain:475:12)
    at Object.MessagePortMain._internalPort.emit (node:electron/js2c/utility_init:5:364) setContext undefined
2023-03-30 21:34:55.278 [error] Canceled: Canceled
    at new a (/Users/katerynahp/Desktop/Visual Studio Code.app/Contents/Resources/app/out/vs/workbench/api/node/extensionHostProcess.js:96:88793)
    at c.O (/Users/katerynahp/Desktop/Visual Studio Code.app/Contents/Resources/app/out/vs/workbench/api/node/extensionHostProcess.js:106:11260)
    at Proxy.V.<computed>.Q.charCodeAt.V.<computed> (/Users/katerynahp/Desktop/Visual Studio Code.app/Contents/Resources/app/out/vs/workbench/api/node/extensionHostProcess.js:106:8550)
    at l.g (/Users/katerynahp/Desktop/Visual Studio Code.app/Contents/Resources/app/out/vs/workbench/api/node/extensionHostProcess.js:96:108198)
    at l.executeCommand (/Users/katerynahp/Desktop/Visual Studio Code.app/Contents/Resources/app/out/vs/workbench/api/node/extensionHostProcess.js:96:107574)
    at O.registerCommand.description (/Users/katerynahp/Desktop/Visual Studio Code.app/Contents/Resources/app/out/vs/workbench/api/node/extensionHostProcess.js:96:106867)
    at l.h (/Users/katerynahp/Desktop/Visual Studio Code.app/Contents/Resources/app/out/vs/workbench/api/node/extensionHostProcess.js:96:108784)
    at l.g (/Users/katerynahp/Desktop/Visual Studio Code.app/Contents/Resources/app/out/vs/workbench/api/node/extensionHostProcess.js:96:107674)
    at l.executeCommand (/Users/katerynahp/Desktop/Visual Studio Code.app/Contents/Resources/app/out/vs/workbench/api/node/extensionHostProcess.js:96:107574)
    at Object.executeCommand (/Users/katerynahp/Desktop/Visual Studio Code.app/Contents/Resources/app/out/vs/workbench/api/node/extensionHostProcess.js:117:30781)
    at c (/Users/katerynahp/.vscode/extensions/eamodio.gitlens-13.4.0/dist/gitlens.js:1:988555)
    at ActionRunners._updateContextKeys (/Users/katerynahp/.vscode/extensions/eamodio.gitlens-13.4.0/dist/gitlens.js:1:7346)
    at r (/Users/katerynahp/.vscode/extensions/eamodio.gitlens-13.4.0/dist/gitlens.js:1:5765)
    at RegisteredActionRunner.unregister (/Users/katerynahp/.vscode/extensions/eamodio.gitlens-13.4.0/dist/gitlens.js:1:5909)
    at RegisteredActionRunner.dispose (/Users/katerynahp/.vscode/extensions/eamodio.gitlens-13.4.0/dist/gitlens.js:1:4574)
    at ActionRunners.dispose (/Users/katerynahp/.vscode/extensions/eamodio.gitlens-13.4.0/dist/gitlens.js:1:5351)
    at k (/Users/katerynahp/Desktop/Visual Studio Code.app/Contents/Resources/app/out/vs/workbench/api/node/extensionHostProcess.js:10:12074)
    at f.X (/Users/katerynahp/Desktop/Visual Studio Code.app/Contents/Resources/app/out/vs/workbench/api/node/extensionHostProcess.js:108:11284)
    at /Users/katerynahp/Desktop/Visual Studio Code.app/Contents/Resources/app/out/vs/workbench/api/node/extensionHostProcess.js:108:9088
    at Array.map (<anonymous>)
    at f.Q (/Users/katerynahp/Desktop/Visual Studio Code.app/Contents/Resources/app/out/vs/workbench/api/node/extensionHostProcess.js:108:9075)
    at f.terminate (/Users/katerynahp/Desktop/Visual Studio Code.app/Contents/Resources/app/out/vs/workbench/api/node/extensionHostProcess.js:108:9347)
    at u.terminate (/Users/katerynahp/Desktop/Visual Studio Code.app/Contents/Resources/app/out/vs/workbench/api/node/extensionHostProcess.js:112:1397)
    at p (/Users/katerynahp/Desktop/Visual Studio Code.app/Contents/Resources/app/out/vs/workbench/api/node/extensionHostProcess.js:122:18592)
    at MessagePortMain.<anonymous> (/Users/katerynahp/Desktop/Visual Studio Code.app/Contents/Resources/app/out/vs/workbench/api/node/extensionHostProcess.js:122:14731)
    at MessagePortMain.emit (node:events:526:28)
    at MessagePortMain.emit (node:domain:475:12)
    at Object.MessagePortMain._internalPort.emit (node:electron/js2c/utility_init:5:364) setContext undefined
2023-03-30 21:34:55.283 [error] Canceled: Canceled
    at new a (/Users/katerynahp/Desktop/Visual Studio Code.app/Contents/Resources/app/out/vs/workbench/api/node/extensionHostProcess.js:96:88793)
    at c.O (/Users/katerynahp/Desktop/Visual Studio Code.app/Contents/Resources/app/out/vs/workbench/api/node/extensionHostProcess.js:106:11260)
    at Proxy.V.<computed>.Q.charCodeAt.V.<computed> (/Users/katerynahp/Desktop/Visual Studio Code.app/Contents/Resources/app/out/vs/workbench/api/node/extensionHostProcess.js:106:8550)
    at l.g (/Users/katerynahp/Desktop/Visual Studio Code.app/Contents/Resources/app/out/vs/workbench/api/node/extensionHostProcess.js:96:108198)
    at l.executeCommand (/Users/katerynahp/Desktop/Visual Studio Code.app/Contents/Resources/app/out/vs/workbench/api/node/extensionHostProcess.js:96:107574)
    at O.registerCommand.description (/Users/katerynahp/Desktop/Visual Studio Code.app/Contents/Resources/app/out/vs/workbench/api/node/extensionHostProcess.js:96:106867)
    at l.h (/Users/katerynahp/Desktop/Visual Studio Code.app/Contents/Resources/app/out/vs/workbench/api/node/extensionHostProcess.js:96:108784)
    at l.g (/Users/katerynahp/Desktop/Visual Studio Code.app/Contents/Resources/app/out/vs/workbench/api/node/extensionHostProcess.js:96:107674)
    at l.executeCommand (/Users/katerynahp/Desktop/Visual Studio Code.app/Contents/Resources/app/out/vs/workbench/api/node/extensionHostProcess.js:96:107574)
    at Object.executeCommand (/Users/katerynahp/Desktop/Visual Studio Code.app/Contents/Resources/app/out/vs/workbench/api/node/extensionHostProcess.js:117:30781)
    at c (/Users/katerynahp/.vscode/extensions/eamodio.gitlens-13.4.0/dist/gitlens.js:1:988555)
    at ActionRunners._updateContextKeys (/Users/katerynahp/.vscode/extensions/eamodio.gitlens-13.4.0/dist/gitlens.js:1:7346)
    at r (/Users/katerynahp/.vscode/extensions/eamodio.gitlens-13.4.0/dist/gitlens.js:1:5765)
    at RegisteredActionRunner.unregister (/Users/katerynahp/.vscode/extensions/eamodio.gitlens-13.4.0/dist/gitlens.js:1:5909)
    at RegisteredActionRunner.dispose (/Users/katerynahp/.vscode/extensions/eamodio.gitlens-13.4.0/dist/gitlens.js:1:4574)
    at ActionRunners.dispose (/Users/katerynahp/.vscode/extensions/eamodio.gitlens-13.4.0/dist/gitlens.js:1:5351)
    at k (/Users/katerynahp/Desktop/Visual Studio Code.app/Contents/Resources/app/out/vs/workbench/api/node/extensionHostProcess.js:10:12074)
    at f.X (/Users/katerynahp/Desktop/Visual Studio Code.app/Contents/Resources/app/out/vs/workbench/api/node/extensionHostProcess.js:108:11284)
    at /Users/katerynahp/Desktop/Visual Studio Code.app/Contents/Resources/app/out/vs/workbench/api/node/extensionHostProcess.js:108:9088
    at Array.map (<anonymous>)
    at f.Q (/Users/katerynahp/Desktop/Visual Studio Code.app/Contents/Resources/app/out/vs/workbench/api/node/extensionHostProcess.js:108:9075)
    at f.terminate (/Users/katerynahp/Desktop/Visual Studio Code.app/Contents/Resources/app/out/vs/workbench/api/node/extensionHostProcess.js:108:9347)
    at u.terminate (/Users/katerynahp/Desktop/Visual Studio Code.app/Contents/Resources/app/out/vs/workbench/api/node/extensionHostProcess.js:112:1397)
    at p (/Users/katerynahp/Desktop/Visual Studio Code.app/Contents/Resources/app/out/vs/workbench/api/node/extensionHostProcess.js:122:18592)
    at MessagePortMain.<anonymous> (/Users/katerynahp/Desktop/Visual Studio Code.app/Contents/Resources/app/out/vs/workbench/api/node/extensionHostProcess.js:122:14731)
    at MessagePortMain.emit (node:events:526:28)
    at MessagePortMain.emit (node:domain:475:12)
    at Object.MessagePortMain._internalPort.emit (node:electron/js2c/utility_init:5:364) setContext undefined
2023-03-30 21:34:55.284 [error] Canceled: Canceled
    at new a (/Users/katerynahp/Desktop/Visual Studio Code.app/Contents/Resources/app/out/vs/workbench/api/node/extensionHostProcess.js:96:88793)
    at c.O (/Users/katerynahp/Desktop/Visual Studio Code.app/Contents/Resources/app/out/vs/workbench/api/node/extensionHostProcess.js:106:11260)
    at Proxy.V.<computed>.Q.charCodeAt.V.<computed> (/Users/katerynahp/Desktop/Visual Studio Code.app/Contents/Resources/app/out/vs/workbench/api/node/extensionHostProcess.js:106:8550)
    at l.g (/Users/katerynahp/Desktop/Visual Studio Code.app/Contents/Resources/app/out/vs/workbench/api/node/extensionHostProcess.js:96:108198)
    at l.executeCommand (/Users/katerynahp/Desktop/Visual Studio Code.app/Contents/Resources/app/out/vs/workbench/api/node/extensionHostProcess.js:96:107574)
    at O.registerCommand.description (/Users/katerynahp/Desktop/Visual Studio Code.app/Contents/Resources/app/out/vs/workbench/api/node/extensionHostProcess.js:96:106867)
    at l.h (/Users/katerynahp/Desktop/Visual Studio Code.app/Contents/Resources/app/out/vs/workbench/api/node/extensionHostProcess.js:96:108784)
    at l.g (/Users/katerynahp/Desktop/Visual Studio Code.app/Contents/Resources/app/out/vs/workbench/api/node/extensionHostProcess.js:96:107674)
    at l.executeCommand (/Users/katerynahp/Desktop/Visual Studio Code.app/Contents/Resources/app/out/vs/workbench/api/node/extensionHostProcess.js:96:107574)
    at Object.executeCommand (/Users/katerynahp/Desktop/Visual Studio Code.app/Contents/Resources/app/out/vs/workbench/api/node/extensionHostProcess.js:117:30781)
    at c (/Users/katerynahp/.vscode/extensions/eamodio.gitlens-13.4.0/dist/gitlens.js:1:988555)
    at ActionRunners._updateContextKeys (/Users/katerynahp/.vscode/extensions/eamodio.gitlens-13.4.0/dist/gitlens.js:1:7346)
    at r (/Users/katerynahp/.vscode/extensions/eamodio.gitlens-13.4.0/dist/gitlens.js:1:5765)
    at RegisteredActionRunner.unregister (/Users/katerynahp/.vscode/extensions/eamodio.gitlens-13.4.0/dist/gitlens.js:1:5909)
    at RegisteredActionRunner.dispose (/Users/katerynahp/.vscode/extensions/eamodio.gitlens-13.4.0/dist/gitlens.js:1:4574)
    at ActionRunners.dispose (/Users/katerynahp/.vscode/extensions/eamodio.gitlens-13.4.0/dist/gitlens.js:1:5351)
    at k (/Users/katerynahp/Desktop/Visual Studio Code.app/Contents/Resources/app/out/vs/workbench/api/node/extensionHostProcess.js:10:12074)
    at f.X (/Users/katerynahp/Desktop/Visual Studio Code.app/Contents/Resources/app/out/vs/workbench/api/node/extensionHostProcess.js:108:11284)
    at /Users/katerynahp/Desktop/Visual Studio Code.app/Contents/Resources/app/out/vs/workbench/api/node/extensionHostProcess.js:108:9088
    at Array.map (<anonymous>)
    at f.Q (/Users/katerynahp/Desktop/Visual Studio Code.app/Contents/Resources/app/out/vs/workbench/api/node/extensionHostProcess.js:108:9075)
    at f.terminate (/Users/katerynahp/Desktop/Visual Studio Code.app/Contents/Resources/app/out/vs/workbench/api/node/extensionHostProcess.js:108:9347)
    at u.terminate (/Users/katerynahp/Desktop/Visual Studio Code.app/Contents/Resources/app/out/vs/workbench/api/node/extensionHostProcess.js:112:1397)
    at p (/Users/katerynahp/Desktop/Visual Studio Code.app/Contents/Resources/app/out/vs/workbench/api/node/extensionHostProcess.js:122:18592)
    at MessagePortMain.<anonymous> (/Users/katerynahp/Desktop/Visual Studio Code.app/Contents/Resources/app/out/vs/workbench/api/node/extensionHostProcess.js:122:14731)
    at MessagePortMain.emit (node:events:526:28)
    at MessagePortMain.emit (node:domain:475:12)
    at Object.MessagePortMain._internalPort.emit (node:electron/js2c/utility_init:5:364) setContext undefined
2023-03-30 21:34:55.285 [error] Canceled: Canceled
    at new a (/Users/katerynahp/Desktop/Visual Studio Code.app/Contents/Resources/app/out/vs/workbench/api/node/extensionHostProcess.js:96:88793)
    at c.O (/Users/katerynahp/Desktop/Visual Studio Code.app/Contents/Resources/app/out/vs/workbench/api/node/extensionHostProcess.js:106:11260)
    at Proxy.V.<computed>.Q.charCodeAt.V.<computed> (/Users/katerynahp/Desktop/Visual Studio Code.app/Contents/Resources/app/out/vs/workbench/api/node/extensionHostProcess.js:106:8550)
    at l.g (/Users/katerynahp/Desktop/Visual Studio Code.app/Contents/Resources/app/out/vs/workbench/api/node/extensionHostProcess.js:96:108198)
    at l.executeCommand (/Users/katerynahp/Desktop/Visual Studio Code.app/Contents/Resources/app/out/vs/workbench/api/node/extensionHostProcess.js:96:107574)
    at O.registerCommand.description (/Users/katerynahp/Desktop/Visual Studio Code.app/Contents/Resources/app/out/vs/workbench/api/node/extensionHostProcess.js:96:106867)
    at l.h (/Users/katerynahp/Desktop/Visual Studio Code.app/Contents/Resources/app/out/vs/workbench/api/node/extensionHostProcess.js:96:108784)
    at l.g (/Users/katerynahp/Desktop/Visual Studio Code.app/Contents/Resources/app/out/vs/workbench/api/node/extensionHostProcess.js:96:107674)
    at l.executeCommand (/Users/katerynahp/Desktop/Visual Studio Code.app/Contents/Resources/app/out/vs/workbench/api/node/extensionHostProcess.js:96:107574)
    at Object.executeCommand (/Users/katerynahp/Desktop/Visual Studio Code.app/Contents/Resources/app/out/vs/workbench/api/node/extensionHostProcess.js:117:30781)
    at c (/Users/katerynahp/.vscode/extensions/eamodio.gitlens-13.4.0/dist/gitlens.js:1:988555)
    at ActionRunners._updateContextKeys (/Users/katerynahp/.vscode/extensions/eamodio.gitlens-13.4.0/dist/gitlens.js:1:7346)
    at r (/Users/katerynahp/.vscode/extensions/eamodio.gitlens-13.4.0/dist/gitlens.js:1:5765)
    at RegisteredActionRunner.unregister (/Users/katerynahp/.vscode/extensions/eamodio.gitlens-13.4.0/dist/gitlens.js:1:5909)
    at RegisteredActionRunner.dispose (/Users/katerynahp/.vscode/extensions/eamodio.gitlens-13.4.0/dist/gitlens.js:1:4574)
    at Object.dispose (/Users/katerynahp/.vscode/extensions/eamodio.gitlens-13.4.0/dist/gitlens.js:1:6006)
    at k (/Users/katerynahp/Desktop/Visual Studio Code.app/Contents/Resources/app/out/vs/workbench/api/node/extensionHostProcess.js:10:12074)
    at f.X (/Users/katerynahp/Desktop/Visual Studio Code.app/Contents/Resources/app/out/vs/workbench/api/node/extensionHostProcess.js:108:11284)
    at /Users/katerynahp/Desktop/Visual Studio Code.app/Contents/Resources/app/out/vs/workbench/api/node/extensionHostProcess.js:108:9088
    at Array.map (<anonymous>)
    at f.Q (/Users/katerynahp/Desktop/Visual Studio Code.app/Contents/Resources/app/out/vs/workbench/api/node/extensionHostProcess.js:108:9075)
    at f.terminate (/Users/katerynahp/Desktop/Visual Studio Code.app/Contents/Resources/app/out/vs/workbench/api/node/extensionHostProcess.js:108:9347)
    at u.terminate (/Users/katerynahp/Desktop/Visual Studio Code.app/Contents/Resources/app/out/vs/workbench/api/node/extensionHostProcess.js:112:1397)
    at p (/Users/katerynahp/Desktop/Visual Studio Code.app/Contents/Resources/app/out/vs/workbench/api/node/extensionHostProcess.js:122:18592)
    at MessagePortMain.<anonymous> (/Users/katerynahp/Desktop/Visual Studio Code.app/Contents/Resources/app/out/vs/workbench/api/node/extensionHostProcess.js:122:14731)
    at MessagePortMain.emit (node:events:526:28)
    at MessagePortMain.emit (node:domain:475:12)
    at Object.MessagePortMain._internalPort.emit (node:electron/js2c/utility_init:5:364) setContext undefined
2023-03-30 21:34:55.287 [error] Canceled: Canceled
    at new a (/Users/katerynahp/Desktop/Visual Studio Code.app/Contents/Resources/app/out/vs/workbench/api/node/extensionHostProcess.js:96:88793)
    at c.O (/Users/katerynahp/Desktop/Visual Studio Code.app/Contents/Resources/app/out/vs/workbench/api/node/extensionHostProcess.js:106:11260)
    at Proxy.V.<computed>.Q.charCodeAt.V.<computed> (/Users/katerynahp/Desktop/Visual Studio Code.app/Contents/Resources/app/out/vs/workbench/api/node/extensionHostProcess.js:106:8550)
    at l.g (/Users/katerynahp/Desktop/Visual Studio Code.app/Contents/Resources/app/out/vs/workbench/api/node/extensionHostProcess.js:96:108198)
    at l.executeCommand (/Users/katerynahp/Desktop/Visual Studio Code.app/Contents/Resources/app/out/vs/workbench/api/node/extensionHostProcess.js:96:107574)
    at O.registerCommand.description (/Users/katerynahp/Desktop/Visual Studio Code.app/Contents/Resources/app/out/vs/workbench/api/node/extensionHostProcess.js:96:106867)
    at l.h (/Users/katerynahp/Desktop/Visual Studio Code.app/Contents/Resources/app/out/vs/workbench/api/node/extensionHostProcess.js:96:108784)
    at l.g (/Users/katerynahp/Desktop/Visual Studio Code.app/Contents/Resources/app/out/vs/workbench/api/node/extensionHostProcess.js:96:107674)
    at l.executeCommand (/Users/katerynahp/Desktop/Visual Studio Code.app/Contents/Resources/app/out/vs/workbench/api/node/extensionHostProcess.js:96:107574)
    at Object.executeCommand (/Users/katerynahp/Desktop/Visual Studio Code.app/Contents/Resources/app/out/vs/workbench/api/node/extensionHostProcess.js:117:30781)
    at c (/Users/katerynahp/.vscode/extensions/eamodio.gitlens-13.4.0/dist/gitlens.js:1:988555)
    at ActionRunners._updateContextKeys (/Users/katerynahp/.vscode/extensions/eamodio.gitlens-13.4.0/dist/gitlens.js:1:7346)
    at r (/Users/katerynahp/.vscode/extensions/eamodio.gitlens-13.4.0/dist/gitlens.js:1:5765)
    at RegisteredActionRunner.unregister (/Users/katerynahp/.vscode/extensions/eamodio.gitlens-13.4.0/dist/gitlens.js:1:5909)
    at RegisteredActionRunner.dispose (/Users/katerynahp/.vscode/extensions/eamodio.gitlens-13.4.0/dist/gitlens.js:1:4574)
    at Object.dispose (/Users/katerynahp/.vscode/extensions/eamodio.gitlens-13.4.0/dist/gitlens.js:1:6006)
    at k (/Users/katerynahp/Desktop/Visual Studio Code.app/Contents/Resources/app/out/vs/workbench/api/node/extensionHostProcess.js:10:12074)
    at f.X (/Users/katerynahp/Desktop/Visual Studio Code.app/Contents/Resources/app/out/vs/workbench/api/node/extensionHostProcess.js:108:11284)
    at /Users/katerynahp/Desktop/Visual Studio Code.app/Contents/Resources/app/out/vs/workbench/api/node/extensionHostProcess.js:108:9088
    at Array.map (<anonymous>)
    at f.Q (/Users/katerynahp/Desktop/Visual Studio Code.app/Contents/Resources/app/out/vs/workbench/api/node/extensionHostProcess.js:108:9075)
    at f.terminate (/Users/katerynahp/Desktop/Visual Studio Code.app/Contents/Resources/app/out/vs/workbench/api/node/extensionHostProcess.js:108:9347)
    at u.terminate (/Users/katerynahp/Desktop/Visual Studio Code.app/Contents/Resources/app/out/vs/workbench/api/node/extensionHostProcess.js:112:1397)
    at p (/Users/katerynahp/Desktop/Visual Studio Code.app/Contents/Resources/app/out/vs/workbench/api/node/extensionHostProcess.js:122:18592)
    at MessagePortMain.<anonymous> (/Users/katerynahp/Desktop/Visual Studio Code.app/Contents/Resources/app/out/vs/workbench/api/node/extensionHostProcess.js:122:14731)
    at MessagePortMain.emit (node:events:526:28)
    at MessagePortMain.emit (node:domain:475:12)
    at Object.MessagePortMain._internalPort.emit (node:electron/js2c/utility_init:5:364) setContext undefined
2023-03-30 21:34:55.288 [error] Canceled: Canceled
    at new a (/Users/katerynahp/Desktop/Visual Studio Code.app/Contents/Resources/app/out/vs/workbench/api/node/extensionHostProcess.js:96:88793)
    at c.O (/Users/katerynahp/Desktop/Visual Studio Code.app/Contents/Resources/app/out/vs/workbench/api/node/extensionHostProcess.js:106:11260)
    at Proxy.V.<computed>.Q.charCodeAt.V.<computed> (/Users/katerynahp/Desktop/Visual Studio Code.app/Contents/Resources/app/out/vs/workbench/api/node/extensionHostProcess.js:106:8550)
    at l.g (/Users/katerynahp/Desktop/Visual Studio Code.app/Contents/Resources/app/out/vs/workbench/api/node/extensionHostProcess.js:96:108198)
    at l.executeCommand (/Users/katerynahp/Desktop/Visual Studio Code.app/Contents/Resources/app/out/vs/workbench/api/node/extensionHostProcess.js:96:107574)
    at O.registerCommand.description (/Users/katerynahp/Desktop/Visual Studio Code.app/Contents/Resources/app/out/vs/workbench/api/node/extensionHostProcess.js:96:106867)
    at l.h (/Users/katerynahp/Desktop/Visual Studio Code.app/Contents/Resources/app/out/vs/workbench/api/node/extensionHostProcess.js:96:108784)
    at l.g (/Users/katerynahp/Desktop/Visual Studio Code.app/Contents/Resources/app/out/vs/workbench/api/node/extensionHostProcess.js:96:107674)
    at l.executeCommand (/Users/katerynahp/Desktop/Visual Studio Code.app/Contents/Resources/app/out/vs/workbench/api/node/extensionHostProcess.js:96:107574)
    at Object.executeCommand (/Users/katerynahp/Desktop/Visual Studio Code.app/Contents/Resources/app/out/vs/workbench/api/node/extensionHostProcess.js:117:30781)
    at c (/Users/katerynahp/.vscode/extensions/eamodio.gitlens-13.4.0/dist/gitlens.js:1:988555)
    at ActionRunners._updateContextKeys (/Users/katerynahp/.vscode/extensions/eamodio.gitlens-13.4.0/dist/gitlens.js:1:7346)
    at r (/Users/katerynahp/.vscode/extensions/eamodio.gitlens-13.4.0/dist/gitlens.js:1:5765)
    at RegisteredActionRunner.unregister (/Users/katerynahp/.vscode/extensions/eamodio.gitlens-13.4.0/dist/gitlens.js:1:5909)
    at RegisteredActionRunner.dispose (/Users/katerynahp/.vscode/extensions/eamodio.gitlens-13.4.0/dist/gitlens.js:1:4574)
    at Object.dispose (/Users/katerynahp/.vscode/extensions/eamodio.gitlens-13.4.0/dist/gitlens.js:1:6006)
    at k (/Users/katerynahp/Desktop/Visual Studio Code.app/Contents/Resources/app/out/vs/workbench/api/node/extensionHostProcess.js:10:12074)
    at f.X (/Users/katerynahp/Desktop/Visual Studio Code.app/Contents/Resources/app/out/vs/workbench/api/node/extensionHostProcess.js:108:11284)
    at /Users/katerynahp/Desktop/Visual Studio Code.app/Contents/Resources/app/out/vs/workbench/api/node/extensionHostProcess.js:108:9088
    at Array.map (<anonymous>)
    at f.Q (/Users/katerynahp/Desktop/Visual Studio Code.app/Contents/Resources/app/out/vs/workbench/api/node/extensionHostProcess.js:108:9075)
    at f.terminate (/Users/katerynahp/Desktop/Visual Studio Code.app/Contents/Resources/app/out/vs/workbench/api/node/extensionHostProcess.js:108:9347)
    at u.terminate (/Users/katerynahp/Desktop/Visual Studio Code.app/Contents/Resources/app/out/vs/workbench/api/node/extensionHostProcess.js:112:1397)
    at p (/Users/katerynahp/Desktop/Visual Studio Code.app/Contents/Resources/app/out/vs/workbench/api/node/extensionHostProcess.js:122:18592)
    at MessagePortMain.<anonymous> (/Users/katerynahp/Desktop/Visual Studio Code.app/Contents/Resources/app/out/vs/workbench/api/node/extensionHostProcess.js:122:14731)
    at MessagePortMain.emit (node:events:526:28)
    at MessagePortMain.emit (node:domain:475:12)
    at Object.MessagePortMain._internalPort.emit (node:electron/js2c/utility_init:5:364) setContext undefined
2023-03-30 21:34:55.566 [info] Extension host with pid 13889 exiting with code 0
